<?xml version="1.0" encoding="UTF-8"?>
<robot generator="Robot 7.4.1 (Python 3.11.0 on win32)" generated="2026-02-16T15:56:08.638672" rpa="false" schemaversion="5">
<suite id="s1" name="Flameshot Edit" source="C:\Users\danim\Desktop\robottesting\tests\flameshot_edit.robot">
<test id="s1-t1" name="Test text is added" line="13">
<kw name="Open Flameshot" owner="resource" type="SETUP">
<kw name="Start Process" owner="Process">
<msg time="2026-02-16T15:56:09.507213" level="INFO">Starting process:
flameshot gui</msg>
<arg>flameshot</arg>
<arg>gui</arg>
<doc>Starts a new process on background.</doc>
<status status="PASS" start="2026-02-16T15:56:09.507213" elapsed="0.004155"/>
</kw>
<kw name="Sleep" owner="BuiltIn">
<msg time="2026-02-16T15:56:10.511906" level="INFO">Slept 1 second.</msg>
<arg>1.0</arg>
<doc>Pauses the test executed for the given time.</doc>
<status status="PASS" start="2026-02-16T15:56:09.511368" elapsed="1.000538"/>
</kw>
<status status="PASS" start="2026-02-16T15:56:09.507213" elapsed="1.004693"/>
</kw>
<kw name="Screen Dimensions" owner="resource">
<kw name="Get Display Dimensions" owner="RPA.Desktop">
<msg time="2026-02-16T15:56:10.515440" level="INFO">${region} = region:0,0,1024,768</msg>
<var>${region}</var>
<doc>Returns the dimensions of the current virtual display,
which is the combined size of all physical monitors.</doc>
<status status="PASS" start="2026-02-16T15:56:10.511906" elapsed="0.003534"/>
</kw>
<return>
<value>${region.left}</value>
<value>${region.top}</value>
<value>${region.right}</value>
<value>${region.bottom}</value>
<status status="PASS" start="2026-02-16T15:56:10.515440" elapsed="0.000000"/>
</return>
<msg time="2026-02-16T15:56:10.517490" level="INFO">${left} = 0</msg>
<msg time="2026-02-16T15:56:10.517490" level="INFO">${top} = 0</msg>
<msg time="2026-02-16T15:56:10.517490" level="INFO">${right} = 1024</msg>
<msg time="2026-02-16T15:56:10.517490" level="INFO">${bottom} = 768</msg>
<var>${left}</var>
<var>${top}</var>
<var>${right}</var>
<var>${bottom}</var>
<status status="PASS" start="2026-02-16T15:56:10.511906" elapsed="0.005584"/>
</kw>
<kw name="Capture Fullscreen" owner="resource">
<kw name="Move Mouse" owner="RPA.Desktop">
<msg time="2026-02-16T15:56:10.517490" level="INFO">Resolving locator: coordinates:0,0</msg>
<msg time="2026-02-16T15:56:10.517490" level="INFO">Moving mouse to (0, 0)</msg>
<arg>locator=coordinates:${left},${top}</arg>
<doc>Move mouse to given coordinates.</doc>
<status status="PASS" start="2026-02-16T15:56:10.517490" elapsed="0.002025"/>
</kw>
<kw name="Press Mouse Button" owner="RPA.Desktop">
<msg time="2026-02-16T15:56:10.620191" level="INFO">Pressing down mouse button: Button.left</msg>
<arg>button=left</arg>
<doc>Press down mouse button and keep it pressed.</doc>
<status status="PASS" start="2026-02-16T15:56:10.519515" elapsed="0.115628"/>
</kw>
<kw name="Sleep" owner="BuiltIn">
<msg time="2026-02-16T15:56:11.135335" level="INFO">Slept 500 milliseconds.</msg>
<arg>0.5</arg>
<doc>Pauses the test executed for the given time.</doc>
<status status="PASS" start="2026-02-16T15:56:10.635143" elapsed="0.500192"/>
</kw>
<kw name="Set Variable" owner="BuiltIn">
<msg time="2026-02-16T15:56:11.135335" level="INFO">${r} = 0</msg>
<var>${r}</var>
<arg>${left}</arg>
<doc>Returns the given values which can then be assigned to a variables.</doc>
<status status="PASS" start="2026-02-16T15:56:11.135335" elapsed="0.000000"/>
</kw>
<kw name="Set Variable" owner="BuiltIn">
<msg time="2026-02-16T15:56:11.135335" level="INFO">${b} = 0</msg>
<var>${b}</var>
<arg>${top}</arg>
<doc>Returns the given values which can then be assigned to a variables.</doc>
<status status="PASS" start="2026-02-16T15:56:11.135335" elapsed="0.000000"/>
</kw>
<while condition="${r} &lt; ${right} or ${b} &lt; ${bottom}">
<iter>
<kw name="Evaluate" owner="BuiltIn">
<msg time="2026-02-16T15:56:11.136950" level="INFO">${r} = 100</msg>
<var>${r}</var>
<arg>${r}+100</arg>
<doc>Evaluates the given expression in Python and returns the result.</doc>
<status status="PASS" start="2026-02-16T15:56:11.136950" elapsed="0.000000"/>
</kw>
<kw name="Evaluate" owner="BuiltIn">
<msg time="2026-02-16T15:56:11.136950" level="INFO">${b} = 100</msg>
<var>${b}</var>
<arg>${b}+100</arg>
<doc>Evaluates the given expression in Python and returns the result.</doc>
<status status="PASS" start="2026-02-16T15:56:11.136950" elapsed="0.000000"/>
</kw>
<kw name="Move Mouse" owner="RPA.Desktop">
<msg time="2026-02-16T15:56:11.136950" level="INFO">Resolving locator: coordinates:100,100</msg>
<msg time="2026-02-16T15:56:11.138821" level="INFO">Moving mouse to (100, 100)</msg>
<arg>locator=coordinates:${r},${b}</arg>
<doc>Move mouse to given coordinates.</doc>
<status status="PASS" start="2026-02-16T15:56:11.136950" elapsed="0.001871"/>
</kw>
<kw name="Sleep" owner="BuiltIn">
<msg time="2026-02-16T15:56:11.150002" level="INFO">Slept 10 milliseconds.</msg>
<arg>0.01</arg>
<doc>Pauses the test executed for the given time.</doc>
<status status="PASS" start="2026-02-16T15:56:11.138821" elapsed="0.011181"/>
</kw>
<status status="PASS" start="2026-02-16T15:56:11.135335" elapsed="0.014667"/>
</iter>
<iter>
<kw name="Evaluate" owner="BuiltIn">
<msg time="2026-02-16T15:56:11.152044" level="INFO">${r} = 200</msg>
<var>${r}</var>
<arg>${r}+100</arg>
<doc>Evaluates the given expression in Python and returns the result.</doc>
<status status="PASS" start="2026-02-16T15:56:11.152044" elapsed="0.000000"/>
</kw>
<kw name="Evaluate" owner="BuiltIn">
<msg time="2026-02-16T15:56:11.152044" level="INFO">${b} = 200</msg>
<var>${b}</var>
<arg>${b}+100</arg>
<doc>Evaluates the given expression in Python and returns the result.</doc>
<status status="PASS" start="2026-02-16T15:56:11.152044" elapsed="0.000000"/>
</kw>
<kw name="Move Mouse" owner="RPA.Desktop">
<msg time="2026-02-16T15:56:11.154061" level="INFO">Resolving locator: coordinates:200,200</msg>
<msg time="2026-02-16T15:56:11.240197" level="INFO">Moving mouse to (200, 200)</msg>
<arg>locator=coordinates:${r},${b}</arg>
<doc>Move mouse to given coordinates.</doc>
<status status="PASS" start="2026-02-16T15:56:11.152044" elapsed="0.088153"/>
</kw>
<kw name="Sleep" owner="BuiltIn">
<msg time="2026-02-16T15:56:11.252822" level="INFO">Slept 10 milliseconds.</msg>
<arg>0.01</arg>
<doc>Pauses the test executed for the given time.</doc>
<status status="PASS" start="2026-02-16T15:56:11.240870" elapsed="0.011952"/>
</kw>
<status status="PASS" start="2026-02-16T15:56:11.150002" elapsed="0.102820"/>
</iter>
<iter>
<kw name="Evaluate" owner="BuiltIn">
<msg time="2026-02-16T15:56:11.254285" level="INFO">${r} = 300</msg>
<var>${r}</var>
<arg>${r}+100</arg>
<doc>Evaluates the given expression in Python and returns the result.</doc>
<status status="PASS" start="2026-02-16T15:56:11.252822" elapsed="0.001463"/>
</kw>
<kw name="Evaluate" owner="BuiltIn">
<msg time="2026-02-16T15:56:11.254285" level="INFO">${b} = 300</msg>
<var>${b}</var>
<arg>${b}+100</arg>
<doc>Evaluates the given expression in Python and returns the result.</doc>
<status status="PASS" start="2026-02-16T15:56:11.254285" elapsed="0.000000"/>
</kw>
<kw name="Move Mouse" owner="RPA.Desktop">
<msg time="2026-02-16T15:56:11.255752" level="INFO">Resolving locator: coordinates:300,300</msg>
<msg time="2026-02-16T15:56:11.340994" level="INFO">Moving mouse to (300, 300)</msg>
<arg>locator=coordinates:${r},${b}</arg>
<doc>Move mouse to given coordinates.</doc>
<status status="PASS" start="2026-02-16T15:56:11.254285" elapsed="0.086709"/>
</kw>
<kw name="Sleep" owner="BuiltIn">
<msg time="2026-02-16T15:56:11.352727" level="INFO">Slept 10 milliseconds.</msg>
<arg>0.01</arg>
<doc>Pauses the test executed for the given time.</doc>
<status status="PASS" start="2026-02-16T15:56:11.340994" elapsed="0.011733"/>
</kw>
<status status="PASS" start="2026-02-16T15:56:11.252822" elapsed="0.099905"/>
</iter>
<iter>
<kw name="Evaluate" owner="BuiltIn">
<msg time="2026-02-16T15:56:11.352727" level="INFO">${r} = 400</msg>
<var>${r}</var>
<arg>${r}+100</arg>
<doc>Evaluates the given expression in Python and returns the result.</doc>
<status status="PASS" start="2026-02-16T15:56:11.352727" elapsed="0.000000"/>
</kw>
<kw name="Evaluate" owner="BuiltIn">
<msg time="2026-02-16T15:56:11.354597" level="INFO">${b} = 400</msg>
<var>${b}</var>
<arg>${b}+100</arg>
<doc>Evaluates the given expression in Python and returns the result.</doc>
<status status="PASS" start="2026-02-16T15:56:11.352727" elapsed="0.001870"/>
</kw>
<kw name="Move Mouse" owner="RPA.Desktop">
<msg time="2026-02-16T15:56:11.354597" level="INFO">Resolving locator: coordinates:400,400</msg>
<msg time="2026-02-16T15:56:11.442949" level="INFO">Moving mouse to (400, 400)</msg>
<arg>locator=coordinates:${r},${b}</arg>
<doc>Move mouse to given coordinates.</doc>
<status status="PASS" start="2026-02-16T15:56:11.354597" elapsed="0.088352"/>
</kw>
<kw name="Sleep" owner="BuiltIn">
<msg time="2026-02-16T15:56:11.454521" level="INFO">Slept 10 milliseconds.</msg>
<arg>0.01</arg>
<doc>Pauses the test executed for the given time.</doc>
<status status="PASS" start="2026-02-16T15:56:11.442949" elapsed="0.011572"/>
</kw>
<status status="PASS" start="2026-02-16T15:56:11.352727" elapsed="0.101794"/>
</iter>
<iter>
<kw name="Evaluate" owner="BuiltIn">
<msg time="2026-02-16T15:56:11.456095" level="INFO">${r} = 500</msg>
<var>${r}</var>
<arg>${r}+100</arg>
<doc>Evaluates the given expression in Python and returns the result.</doc>
<status status="PASS" start="2026-02-16T15:56:11.454521" elapsed="0.001574"/>
</kw>
<kw name="Evaluate" owner="BuiltIn">
<msg time="2026-02-16T15:56:11.456095" level="INFO">${b} = 500</msg>
<var>${b}</var>
<arg>${b}+100</arg>
<doc>Evaluates the given expression in Python and returns the result.</doc>
<status status="PASS" start="2026-02-16T15:56:11.456095" elapsed="0.000000"/>
</kw>
<kw name="Move Mouse" owner="RPA.Desktop">
<msg time="2026-02-16T15:56:11.456095" level="INFO">Resolving locator: coordinates:500,500</msg>
<msg time="2026-02-16T15:56:11.544655" level="INFO">Moving mouse to (500, 500)</msg>
<arg>locator=coordinates:${r},${b}</arg>
<doc>Move mouse to given coordinates.</doc>
<status status="PASS" start="2026-02-16T15:56:11.456095" elapsed="0.088560"/>
</kw>
<kw name="Sleep" owner="BuiltIn">
<msg time="2026-02-16T15:56:11.556102" level="INFO">Slept 10 milliseconds.</msg>
<arg>0.01</arg>
<doc>Pauses the test executed for the given time.</doc>
<status status="PASS" start="2026-02-16T15:56:11.544655" elapsed="0.011447"/>
</kw>
<status status="PASS" start="2026-02-16T15:56:11.454521" elapsed="0.101581"/>
</iter>
<iter>
<kw name="Evaluate" owner="BuiltIn">
<msg time="2026-02-16T15:56:11.556102" level="INFO">${r} = 600</msg>
<var>${r}</var>
<arg>${r}+100</arg>
<doc>Evaluates the given expression in Python and returns the result.</doc>
<status status="PASS" start="2026-02-16T15:56:11.556102" elapsed="0.000000"/>
</kw>
<kw name="Evaluate" owner="BuiltIn">
<msg time="2026-02-16T15:56:11.556102" level="INFO">${b} = 600</msg>
<var>${b}</var>
<arg>${b}+100</arg>
<doc>Evaluates the given expression in Python and returns the result.</doc>
<status status="PASS" start="2026-02-16T15:56:11.556102" elapsed="0.000000"/>
</kw>
<kw name="Move Mouse" owner="RPA.Desktop">
<msg time="2026-02-16T15:56:11.558161" level="INFO">Resolving locator: coordinates:600,600</msg>
<msg time="2026-02-16T15:56:11.645859" level="INFO">Moving mouse to (600, 600)</msg>
<arg>locator=coordinates:${r},${b}</arg>
<doc>Move mouse to given coordinates.</doc>
<status status="PASS" start="2026-02-16T15:56:11.556102" elapsed="0.089757"/>
</kw>
<kw name="Sleep" owner="BuiltIn">
<msg time="2026-02-16T15:56:11.658017" level="INFO">Slept 10 milliseconds.</msg>
<arg>0.01</arg>
<doc>Pauses the test executed for the given time.</doc>
<status status="PASS" start="2026-02-16T15:56:11.645859" elapsed="0.012158"/>
</kw>
<status status="PASS" start="2026-02-16T15:56:11.556102" elapsed="0.101915"/>
</iter>
<iter>
<kw name="Evaluate" owner="BuiltIn">
<msg time="2026-02-16T15:56:11.658017" level="INFO">${r} = 700</msg>
<var>${r}</var>
<arg>${r}+100</arg>
<doc>Evaluates the given expression in Python and returns the result.</doc>
<status status="PASS" start="2026-02-16T15:56:11.658017" elapsed="0.000000"/>
</kw>
<kw name="Evaluate" owner="BuiltIn">
<msg time="2026-02-16T15:56:11.658017" level="INFO">${b} = 700</msg>
<var>${b}</var>
<arg>${b}+100</arg>
<doc>Evaluates the given expression in Python and returns the result.</doc>
<status status="PASS" start="2026-02-16T15:56:11.658017" elapsed="0.000000"/>
</kw>
<kw name="Move Mouse" owner="RPA.Desktop">
<msg time="2026-02-16T15:56:11.659972" level="INFO">Resolving locator: coordinates:700,700</msg>
<msg time="2026-02-16T15:56:11.747366" level="INFO">Moving mouse to (700, 700)</msg>
<arg>locator=coordinates:${r},${b}</arg>
<doc>Move mouse to given coordinates.</doc>
<status status="PASS" start="2026-02-16T15:56:11.658017" elapsed="0.089349"/>
</kw>
<kw name="Sleep" owner="BuiltIn">
<msg time="2026-02-16T15:56:11.759095" level="INFO">Slept 10 milliseconds.</msg>
<arg>0.01</arg>
<doc>Pauses the test executed for the given time.</doc>
<status status="PASS" start="2026-02-16T15:56:11.747366" elapsed="0.011729"/>
</kw>
<status status="PASS" start="2026-02-16T15:56:11.658017" elapsed="0.101078"/>
</iter>
<iter>
<kw name="Evaluate" owner="BuiltIn">
<msg time="2026-02-16T15:56:11.759095" level="INFO">${r} = 800</msg>
<var>${r}</var>
<arg>${r}+100</arg>
<doc>Evaluates the given expression in Python and returns the result.</doc>
<status status="PASS" start="2026-02-16T15:56:11.759095" elapsed="0.000000"/>
</kw>
<kw name="Evaluate" owner="BuiltIn">
<msg time="2026-02-16T15:56:11.759095" level="INFO">${b} = 800</msg>
<var>${b}</var>
<arg>${b}+100</arg>
<doc>Evaluates the given expression in Python and returns the result.</doc>
<status status="PASS" start="2026-02-16T15:56:11.759095" elapsed="0.000000"/>
</kw>
<kw name="Move Mouse" owner="RPA.Desktop">
<msg time="2026-02-16T15:56:11.761122" level="INFO">Resolving locator: coordinates:800,800</msg>
<msg time="2026-02-16T15:56:11.847810" level="INFO">Moving mouse to (800, 800)</msg>
<arg>locator=coordinates:${r},${b}</arg>
<doc>Move mouse to given coordinates.</doc>
<status status="PASS" start="2026-02-16T15:56:11.759095" elapsed="0.088715"/>
</kw>
<kw name="Sleep" owner="BuiltIn">
<msg time="2026-02-16T15:56:11.859076" level="INFO">Slept 10 milliseconds.</msg>
<arg>0.01</arg>
<doc>Pauses the test executed for the given time.</doc>
<status status="PASS" start="2026-02-16T15:56:11.847810" elapsed="0.011266"/>
</kw>
<status status="PASS" start="2026-02-16T15:56:11.759095" elapsed="0.099981"/>
</iter>
<iter>
<kw name="Evaluate" owner="BuiltIn">
<msg time="2026-02-16T15:56:11.859076" level="INFO">${r} = 900</msg>
<var>${r}</var>
<arg>${r}+100</arg>
<doc>Evaluates the given expression in Python and returns the result.</doc>
<status status="PASS" start="2026-02-16T15:56:11.859076" elapsed="0.000000"/>
</kw>
<kw name="Evaluate" owner="BuiltIn">
<msg time="2026-02-16T15:56:11.859076" level="INFO">${b} = 900</msg>
<var>${b}</var>
<arg>${b}+100</arg>
<doc>Evaluates the given expression in Python and returns the result.</doc>
<status status="PASS" start="2026-02-16T15:56:11.859076" elapsed="0.000000"/>
</kw>
<kw name="Move Mouse" owner="RPA.Desktop">
<msg time="2026-02-16T15:56:11.861174" level="INFO">Resolving locator: coordinates:900,900</msg>
<msg time="2026-02-16T15:56:11.948566" level="INFO">Moving mouse to (900, 900)</msg>
<arg>locator=coordinates:${r},${b}</arg>
<doc>Move mouse to given coordinates.</doc>
<status status="PASS" start="2026-02-16T15:56:11.859076" elapsed="0.089490"/>
</kw>
<kw name="Sleep" owner="BuiltIn">
<msg time="2026-02-16T15:56:11.959861" level="INFO">Slept 10 milliseconds.</msg>
<arg>0.01</arg>
<doc>Pauses the test executed for the given time.</doc>
<status status="PASS" start="2026-02-16T15:56:11.948566" elapsed="0.011295"/>
</kw>
<status status="PASS" start="2026-02-16T15:56:11.859076" elapsed="0.100785"/>
</iter>
<iter>
<kw name="Evaluate" owner="BuiltIn">
<msg time="2026-02-16T15:56:11.959861" level="INFO">${r} = 1000</msg>
<var>${r}</var>
<arg>${r}+100</arg>
<doc>Evaluates the given expression in Python and returns the result.</doc>
<status status="PASS" start="2026-02-16T15:56:11.959861" elapsed="0.000000"/>
</kw>
<kw name="Evaluate" owner="BuiltIn">
<msg time="2026-02-16T15:56:11.961603" level="INFO">${b} = 1000</msg>
<var>${b}</var>
<arg>${b}+100</arg>
<doc>Evaluates the given expression in Python and returns the result.</doc>
<status status="PASS" start="2026-02-16T15:56:11.959861" elapsed="0.001742"/>
</kw>
<kw name="Move Mouse" owner="RPA.Desktop">
<msg time="2026-02-16T15:56:11.961603" level="INFO">Resolving locator: coordinates:1000,1000</msg>
<msg time="2026-02-16T15:56:12.049874" level="INFO">Moving mouse to (1000, 1000)</msg>
<arg>locator=coordinates:${r},${b}</arg>
<doc>Move mouse to given coordinates.</doc>
<status status="PASS" start="2026-02-16T15:56:11.961603" elapsed="0.088271"/>
</kw>
<kw name="Sleep" owner="BuiltIn">
<msg time="2026-02-16T15:56:12.061213" level="INFO">Slept 10 milliseconds.</msg>
<arg>0.01</arg>
<doc>Pauses the test executed for the given time.</doc>
<status status="PASS" start="2026-02-16T15:56:12.049874" elapsed="0.011339"/>
</kw>
<status status="PASS" start="2026-02-16T15:56:11.959861" elapsed="0.101352"/>
</iter>
<iter>
<kw name="Evaluate" owner="BuiltIn">
<msg time="2026-02-16T15:56:12.061213" level="INFO">${r} = 1100</msg>
<var>${r}</var>
<arg>${r}+100</arg>
<doc>Evaluates the given expression in Python and returns the result.</doc>
<status status="PASS" start="2026-02-16T15:56:12.061213" elapsed="0.000000"/>
</kw>
<kw name="Evaluate" owner="BuiltIn">
<msg time="2026-02-16T15:56:12.061213" level="INFO">${b} = 1100</msg>
<var>${b}</var>
<arg>${b}+100</arg>
<doc>Evaluates the given expression in Python and returns the result.</doc>
<status status="PASS" start="2026-02-16T15:56:12.061213" elapsed="0.000000"/>
</kw>
<kw name="Move Mouse" owner="RPA.Desktop">
<msg time="2026-02-16T15:56:12.063368" level="INFO">Resolving locator: coordinates:1100,1100</msg>
<msg time="2026-02-16T15:56:12.150368" level="INFO">Moving mouse to (1100, 1100)</msg>
<arg>locator=coordinates:${r},${b}</arg>
<doc>Move mouse to given coordinates.</doc>
<status status="PASS" start="2026-02-16T15:56:12.061213" elapsed="0.089155"/>
</kw>
<kw name="Sleep" owner="BuiltIn">
<msg time="2026-02-16T15:56:12.162169" level="INFO">Slept 10 milliseconds.</msg>
<arg>0.01</arg>
<doc>Pauses the test executed for the given time.</doc>
<status status="PASS" start="2026-02-16T15:56:12.150368" elapsed="0.011801"/>
</kw>
<status status="PASS" start="2026-02-16T15:56:12.061213" elapsed="0.100956"/>
</iter>
<status status="PASS" start="2026-02-16T15:56:11.135335" elapsed="1.026834"/>
</while>
<kw name="Release Mouse Button" owner="RPA.Desktop">
<msg time="2026-02-16T15:56:12.252135" level="INFO">Releasing mouse button: Button.left</msg>
<arg>button=left</arg>
<doc>Release mouse button that was previously pressed.</doc>
<status status="PASS" start="2026-02-16T15:56:12.162169" elapsed="0.089966"/>
</kw>
<kw name="Sleep" owner="BuiltIn">
<msg time="2026-02-16T15:56:13.753006" level="INFO">Slept 1 second 500 milliseconds.</msg>
<arg>1.5</arg>
<doc>Pauses the test executed for the given time.</doc>
<status status="PASS" start="2026-02-16T15:56:12.252135" elapsed="1.500871"/>
</kw>
<arg>${left}</arg>
<arg>${top}</arg>
<arg>${right}</arg>
<arg>${bottom}</arg>
<status status="PASS" start="2026-02-16T15:56:10.517490" elapsed="3.235516"/>
</kw>
<kw name="Press Keys" owner="RPA.Desktop">
<msg time="2026-02-16T15:56:13.753006" level="INFO">Pressing keys: 't'</msg>
<arg>t</arg>
<doc>Press multiple keys down simultaneously.</doc>
<status status="PASS" start="2026-02-16T15:56:13.753006" elapsed="0.000000"/>
</kw>
<kw name="Sleep" owner="BuiltIn">
<msg time="2026-02-16T15:56:15.755194" level="INFO">Slept 2 seconds.</msg>
<arg>2s</arg>
<doc>Pauses the test executed for the given time.</doc>
<status status="PASS" start="2026-02-16T15:56:13.754510" elapsed="2.000684"/>
</kw>
<kw name="Screen Middle" owner="resource">
<kw name="Evaluate" owner="BuiltIn">
<msg time="2026-02-16T15:56:15.755194" level="INFO">${middle_x} = 512</msg>
<var>${middle_x}</var>
<arg>int((${left}+${right})/2)</arg>
<doc>Evaluates the given expression in Python and returns the result.</doc>
<status status="PASS" start="2026-02-16T15:56:15.755194" elapsed="0.000000"/>
</kw>
<kw name="Evaluate" owner="BuiltIn">
<msg time="2026-02-16T15:56:15.757030" level="INFO">${middle_y} = 384</msg>
<var>${middle_y}</var>
<arg>int((${top}+${bottom})/2)</arg>
<doc>Evaluates the given expression in Python and returns the result.</doc>
<status status="PASS" start="2026-02-16T15:56:15.757030" elapsed="0.000000"/>
</kw>
<return>
<value>${middle_x}</value>
<value>${middle_y}</value>
<status status="PASS" start="2026-02-16T15:56:15.757030" elapsed="0.000000"/>
</return>
<msg time="2026-02-16T15:56:15.757030" level="INFO">${middle_x} = 512</msg>
<msg time="2026-02-16T15:56:15.757030" level="INFO">${middle_y} = 384</msg>
<var>${middle_x}</var>
<var>${middle_y}</var>
<arg>${left}</arg>
<arg>${top}</arg>
<arg>${right}</arg>
<arg>${bottom}</arg>
<status status="PASS" start="2026-02-16T15:56:15.755194" elapsed="0.001836"/>
</kw>
<kw name="Click" owner="RPA.Desktop">
<msg time="2026-02-16T15:56:15.757030" level="INFO">Resolving locator: coordinates:512,384</msg>
<msg time="2026-02-16T15:56:15.757030" level="INFO">Moving mouse to (512, 384)</msg>
<msg time="2026-02-16T15:56:15.859594" level="INFO">Performing mouse action: Action.click</msg>
<arg>locator=coordinates:${middle_x},${middle_y}</arg>
<doc>Click at the element indicated by locator.</doc>
<status status="PASS" start="2026-02-16T15:56:15.757030" elapsed="0.102564"/>
</kw>
<kw name="Sleep" owner="BuiltIn">
<msg time="2026-02-16T15:56:16.861369" level="INFO">Slept 1 second.</msg>
<arg>1s</arg>
<doc>Pauses the test executed for the given time.</doc>
<status status="PASS" start="2026-02-16T15:56:15.860956" elapsed="1.000413"/>
</kw>
<kw name="Type Text" owner="RPA.Desktop">
<arg>test text</arg>
<doc>Type text one letter at a time.</doc>
<status status="PASS" start="2026-02-16T15:56:16.861369" elapsed="0.001636"/>
</kw>
<kw name="Sleep" owner="BuiltIn">
<msg time="2026-02-16T15:56:18.865712" level="INFO">Slept 2 seconds.</msg>
<arg>2s</arg>
<doc>Pauses the test executed for the given time.</doc>
<status status="PASS" start="2026-02-16T15:56:16.865019" elapsed="2.000693"/>
</kw>
<kw name="Press Keys" owner="RPA.Desktop">
<msg time="2026-02-16T15:56:18.865712" level="INFO">Pressing keys: Key.ctrl, 's'</msg>
<arg>ctrl</arg>
<arg>s</arg>
<doc>Press multiple keys down simultaneously.</doc>
<status status="PASS" start="2026-02-16T15:56:18.865712" elapsed="0.001428"/>
</kw>
<kw name="Sleep" owner="BuiltIn">
<msg time="2026-02-16T15:56:20.867655" level="INFO">Slept 2 seconds.</msg>
<arg>2s</arg>
<doc>Pauses the test executed for the given time.</doc>
<status status="PASS" start="2026-02-16T15:56:18.867140" elapsed="2.000515"/>
</kw>
<kw name="Type Text" owner="RPA.Desktop">
<arg>testfile.png</arg>
<doc>Type text one letter at a time.</doc>
<status status="PASS" start="2026-02-16T15:56:20.867655" elapsed="0.003681"/>
</kw>
<kw name="Sleep" owner="BuiltIn">
<msg time="2026-02-16T15:56:21.871736" level="INFO">Slept 1 second.</msg>
<arg>1s</arg>
<doc>Pauses the test executed for the given time.</doc>
<status status="PASS" start="2026-02-16T15:56:20.871336" elapsed="1.000400"/>
</kw>
<kw name="Press Keys" owner="RPA.Desktop">
<msg time="2026-02-16T15:56:21.871736" level="INFO">Pressing keys: Key.enter</msg>
<arg>enter</arg>
<doc>Press multiple keys down simultaneously.</doc>
<status status="PASS" start="2026-02-16T15:56:21.871736" elapsed="0.000000"/>
</kw>
<kw name="Close Flameshot" owner="resource" type="TEARDOWN">
<kw name="Press Keys" owner="RPA.Desktop">
<msg time="2026-02-16T15:56:21.873194" level="INFO">Pressing keys: Key.esc</msg>
<arg>ESC</arg>
<doc>Press multiple keys down simultaneously.</doc>
<status status="PASS" start="2026-02-16T15:56:21.873194" elapsed="0.100006"/>
</kw>
<kw name="Sleep" owner="BuiltIn">
<msg time="2026-02-16T15:56:22.473786" level="INFO">Slept 500 milliseconds.</msg>
<arg>0.5</arg>
<doc>Pauses the test executed for the given time.</doc>
<status status="PASS" start="2026-02-16T15:56:21.973200" elapsed="0.500586"/>
</kw>
<kw name="Run Process" owner="Process">
<msg time="2026-02-16T15:56:22.473786" level="INFO">Starting process:
taskkill /IM flameshot.exe /F</msg>
<msg time="2026-02-16T15:56:22.479582" level="INFO">Waiting for process to complete.</msg>
<msg time="2026-02-16T15:56:22.607568" level="INFO">Process completed.</msg>
<arg>taskkill</arg>
<arg>/IM</arg>
<arg>flameshot.exe</arg>
<arg>/F</arg>
<doc>Runs a process and waits for it to complete.</doc>
<status status="PASS" start="2026-02-16T15:56:22.473786" elapsed="0.133782"/>
</kw>
<status status="PASS" start="2026-02-16T15:56:21.873194" elapsed="0.734374"/>
</kw>
<status status="PASS" start="2026-02-16T15:56:09.505139" elapsed="13.102429"/>
</test>
<test id="s1-t2" name="Arrow added" line="36">
<kw name="Open Flameshot" owner="resource" type="SETUP">
<kw name="Start Process" owner="Process">
<msg time="2026-02-16T15:56:22.609526" level="INFO">Starting process:
flameshot gui</msg>
<arg>flameshot</arg>
<arg>gui</arg>
<doc>Starts a new process on background.</doc>
<status status="PASS" start="2026-02-16T15:56:22.609526" elapsed="0.004361"/>
</kw>
<kw name="Sleep" owner="BuiltIn">
<msg time="2026-02-16T15:56:23.614413" level="INFO">Slept 1 second.</msg>
<arg>1.0</arg>
<doc>Pauses the test executed for the given time.</doc>
<status status="PASS" start="2026-02-16T15:56:22.613887" elapsed="1.000526"/>
</kw>
<status status="PASS" start="2026-02-16T15:56:22.609526" elapsed="1.004887"/>
</kw>
<kw name="Screen Dimensions" owner="resource">
<kw name="Get Display Dimensions" owner="RPA.Desktop">
<msg time="2026-02-16T15:56:23.616140" level="INFO">${region} = region:0,0,1024,768</msg>
<var>${region}</var>
<doc>Returns the dimensions of the current virtual display,
which is the combined size of all physical monitors.</doc>
<status status="PASS" start="2026-02-16T15:56:23.614413" elapsed="0.001727"/>
</kw>
<return>
<value>${region.left}</value>
<value>${region.top}</value>
<value>${region.right}</value>
<value>${region.bottom}</value>
<status status="PASS" start="2026-02-16T15:56:23.616140" elapsed="0.000000"/>
</return>
<msg time="2026-02-16T15:56:23.618152" level="INFO">${left} = 0</msg>
<msg time="2026-02-16T15:56:23.618152" level="INFO">${top} = 0</msg>
<msg time="2026-02-16T15:56:23.618152" level="INFO">${right} = 1024</msg>
<msg time="2026-02-16T15:56:23.618152" level="INFO">${bottom} = 768</msg>
<var>${left}</var>
<var>${top}</var>
<var>${right}</var>
<var>${bottom}</var>
<status status="PASS" start="2026-02-16T15:56:23.614413" elapsed="0.003739"/>
</kw>
<kw name="Capture Fullscreen" owner="resource">
<kw name="Move Mouse" owner="RPA.Desktop">
<msg time="2026-02-16T15:56:23.618152" level="INFO">Resolving locator: coordinates:0,0</msg>
<msg time="2026-02-16T15:56:23.618152" level="INFO">Moving mouse to (0, 0)</msg>
<arg>locator=coordinates:${left},${top}</arg>
<doc>Move mouse to given coordinates.</doc>
<status status="PASS" start="2026-02-16T15:56:23.618152" elapsed="0.002013"/>
</kw>
<kw name="Press Mouse Button" owner="RPA.Desktop">
<msg time="2026-02-16T15:56:23.720841" level="INFO">Pressing down mouse button: Button.left</msg>
<arg>button=left</arg>
<doc>Press down mouse button and keep it pressed.</doc>
<status status="PASS" start="2026-02-16T15:56:23.620165" elapsed="0.115159"/>
</kw>
<kw name="Sleep" owner="BuiltIn">
<msg time="2026-02-16T15:56:24.237517" level="INFO">Slept 500 milliseconds.</msg>
<arg>0.5</arg>
<doc>Pauses the test executed for the given time.</doc>
<status status="PASS" start="2026-02-16T15:56:23.735324" elapsed="0.502193"/>
</kw>
<kw name="Set Variable" owner="BuiltIn">
<msg time="2026-02-16T15:56:24.237517" level="INFO">${r} = 0</msg>
<var>${r}</var>
<arg>${left}</arg>
<doc>Returns the given values which can then be assigned to a variables.</doc>
<status status="PASS" start="2026-02-16T15:56:24.237517" elapsed="0.000000"/>
</kw>
<kw name="Set Variable" owner="BuiltIn">
<msg time="2026-02-16T15:56:24.237517" level="INFO">${b} = 0</msg>
<var>${b}</var>
<arg>${top}</arg>
<doc>Returns the given values which can then be assigned to a variables.</doc>
<status status="PASS" start="2026-02-16T15:56:24.237517" elapsed="0.000000"/>
</kw>
<while condition="${r} &lt; ${right} or ${b} &lt; ${bottom}">
<iter>
<kw name="Evaluate" owner="BuiltIn">
<msg time="2026-02-16T15:56:24.239257" level="INFO">${r} = 100</msg>
<var>${r}</var>
<arg>${r}+100</arg>
<doc>Evaluates the given expression in Python and returns the result.</doc>
<status status="PASS" start="2026-02-16T15:56:24.237517" elapsed="0.001740"/>
</kw>
<kw name="Evaluate" owner="BuiltIn">
<msg time="2026-02-16T15:56:24.239257" level="INFO">${b} = 100</msg>
<var>${b}</var>
<arg>${b}+100</arg>
<doc>Evaluates the given expression in Python and returns the result.</doc>
<status status="PASS" start="2026-02-16T15:56:24.239257" elapsed="0.000000"/>
</kw>
<kw name="Move Mouse" owner="RPA.Desktop">
<msg time="2026-02-16T15:56:24.239257" level="INFO">Resolving locator: coordinates:100,100</msg>
<msg time="2026-02-16T15:56:24.239257" level="INFO">Moving mouse to (100, 100)</msg>
<arg>locator=coordinates:${r},${b}</arg>
<doc>Move mouse to given coordinates.</doc>
<status status="PASS" start="2026-02-16T15:56:24.239257" elapsed="0.001700"/>
</kw>
<kw name="Sleep" owner="BuiltIn">
<msg time="2026-02-16T15:56:24.252039" level="INFO">Slept 10 milliseconds.</msg>
<arg>0.01</arg>
<doc>Pauses the test executed for the given time.</doc>
<status status="PASS" start="2026-02-16T15:56:24.240957" elapsed="0.011082"/>
</kw>
<status status="PASS" start="2026-02-16T15:56:24.237517" elapsed="0.014522"/>
</iter>
<iter>
<kw name="Evaluate" owner="BuiltIn">
<msg time="2026-02-16T15:56:24.252039" level="INFO">${r} = 200</msg>
<var>${r}</var>
<arg>${r}+100</arg>
<doc>Evaluates the given expression in Python and returns the result.</doc>
<status status="PASS" start="2026-02-16T15:56:24.252039" elapsed="0.000000"/>
</kw>
<kw name="Evaluate" owner="BuiltIn">
<msg time="2026-02-16T15:56:24.252039" level="INFO">${b} = 200</msg>
<var>${b}</var>
<arg>${b}+100</arg>
<doc>Evaluates the given expression in Python and returns the result.</doc>
<status status="PASS" start="2026-02-16T15:56:24.252039" elapsed="0.000000"/>
</kw>
<kw name="Move Mouse" owner="RPA.Desktop">
<msg time="2026-02-16T15:56:24.252039" level="INFO">Resolving locator: coordinates:200,200</msg>
<msg time="2026-02-16T15:56:24.342417" level="INFO">Moving mouse to (200, 200)</msg>
<arg>locator=coordinates:${r},${b}</arg>
<doc>Move mouse to given coordinates.</doc>
<status status="PASS" start="2026-02-16T15:56:24.252039" elapsed="0.090378"/>
</kw>
<kw name="Sleep" owner="BuiltIn">
<msg time="2026-02-16T15:56:24.353907" level="INFO">Slept 10 milliseconds.</msg>
<arg>0.01</arg>
<doc>Pauses the test executed for the given time.</doc>
<status status="PASS" start="2026-02-16T15:56:24.343110" elapsed="0.010797"/>
</kw>
<status status="PASS" start="2026-02-16T15:56:24.252039" elapsed="0.101868"/>
</iter>
<iter>
<kw name="Evaluate" owner="BuiltIn">
<msg time="2026-02-16T15:56:24.353907" level="INFO">${r} = 300</msg>
<var>${r}</var>
<arg>${r}+100</arg>
<doc>Evaluates the given expression in Python and returns the result.</doc>
<status status="PASS" start="2026-02-16T15:56:24.353907" elapsed="0.000000"/>
</kw>
<kw name="Evaluate" owner="BuiltIn">
<msg time="2026-02-16T15:56:24.353907" level="INFO">${b} = 300</msg>
<var>${b}</var>
<arg>${b}+100</arg>
<doc>Evaluates the given expression in Python and returns the result.</doc>
<status status="PASS" start="2026-02-16T15:56:24.353907" elapsed="0.000000"/>
</kw>
<kw name="Move Mouse" owner="RPA.Desktop">
<msg time="2026-02-16T15:56:24.355895" level="INFO">Resolving locator: coordinates:300,300</msg>
<msg time="2026-02-16T15:56:24.443294" level="INFO">Moving mouse to (300, 300)</msg>
<arg>locator=coordinates:${r},${b}</arg>
<doc>Move mouse to given coordinates.</doc>
<status status="PASS" start="2026-02-16T15:56:24.353907" elapsed="0.089387"/>
</kw>
<kw name="Sleep" owner="BuiltIn">
<msg time="2026-02-16T15:56:24.455465" level="INFO">Slept 10 milliseconds.</msg>
<arg>0.01</arg>
<doc>Pauses the test executed for the given time.</doc>
<status status="PASS" start="2026-02-16T15:56:24.443294" elapsed="0.012171"/>
</kw>
<status status="PASS" start="2026-02-16T15:56:24.353907" elapsed="0.101558"/>
</iter>
<iter>
<kw name="Evaluate" owner="BuiltIn">
<msg time="2026-02-16T15:56:24.455465" level="INFO">${r} = 400</msg>
<var>${r}</var>
<arg>${r}+100</arg>
<doc>Evaluates the given expression in Python and returns the result.</doc>
<status status="PASS" start="2026-02-16T15:56:24.455465" elapsed="0.000000"/>
</kw>
<kw name="Evaluate" owner="BuiltIn">
<msg time="2026-02-16T15:56:24.455465" level="INFO">${b} = 400</msg>
<var>${b}</var>
<arg>${b}+100</arg>
<doc>Evaluates the given expression in Python and returns the result.</doc>
<status status="PASS" start="2026-02-16T15:56:24.455465" elapsed="0.000000"/>
</kw>
<kw name="Move Mouse" owner="RPA.Desktop">
<msg time="2026-02-16T15:56:24.457035" level="INFO">Resolving locator: coordinates:400,400</msg>
<msg time="2026-02-16T15:56:24.544050" level="INFO">Moving mouse to (400, 400)</msg>
<arg>locator=coordinates:${r},${b}</arg>
<doc>Move mouse to given coordinates.</doc>
<status status="PASS" start="2026-02-16T15:56:24.455465" elapsed="0.088585"/>
</kw>
<kw name="Sleep" owner="BuiltIn">
<msg time="2026-02-16T15:56:24.555708" level="INFO">Slept 10 milliseconds.</msg>
<arg>0.01</arg>
<doc>Pauses the test executed for the given time.</doc>
<status status="PASS" start="2026-02-16T15:56:24.544050" elapsed="0.011658"/>
</kw>
<status status="PASS" start="2026-02-16T15:56:24.455465" elapsed="0.100243"/>
</iter>
<iter>
<kw name="Evaluate" owner="BuiltIn">
<msg time="2026-02-16T15:56:24.555708" level="INFO">${r} = 500</msg>
<var>${r}</var>
<arg>${r}+100</arg>
<doc>Evaluates the given expression in Python and returns the result.</doc>
<status status="PASS" start="2026-02-16T15:56:24.555708" elapsed="0.000000"/>
</kw>
<kw name="Evaluate" owner="BuiltIn">
<msg time="2026-02-16T15:56:24.555708" level="INFO">${b} = 500</msg>
<var>${b}</var>
<arg>${b}+100</arg>
<doc>Evaluates the given expression in Python and returns the result.</doc>
<status status="PASS" start="2026-02-16T15:56:24.555708" elapsed="0.000000"/>
</kw>
<kw name="Move Mouse" owner="RPA.Desktop">
<msg time="2026-02-16T15:56:24.557665" level="INFO">Resolving locator: coordinates:500,500</msg>
<msg time="2026-02-16T15:56:24.644644" level="INFO">Moving mouse to (500, 500)</msg>
<arg>locator=coordinates:${r},${b}</arg>
<doc>Move mouse to given coordinates.</doc>
<status status="PASS" start="2026-02-16T15:56:24.555708" elapsed="0.088936"/>
</kw>
<kw name="Sleep" owner="BuiltIn">
<msg time="2026-02-16T15:56:24.656393" level="INFO">Slept 10 milliseconds.</msg>
<arg>0.01</arg>
<doc>Pauses the test executed for the given time.</doc>
<status status="PASS" start="2026-02-16T15:56:24.644644" elapsed="0.011749"/>
</kw>
<status status="PASS" start="2026-02-16T15:56:24.555708" elapsed="0.100685"/>
</iter>
<iter>
<kw name="Evaluate" owner="BuiltIn">
<msg time="2026-02-16T15:56:24.656393" level="INFO">${r} = 600</msg>
<var>${r}</var>
<arg>${r}+100</arg>
<doc>Evaluates the given expression in Python and returns the result.</doc>
<status status="PASS" start="2026-02-16T15:56:24.656393" elapsed="0.000000"/>
</kw>
<kw name="Evaluate" owner="BuiltIn">
<msg time="2026-02-16T15:56:24.656393" level="INFO">${b} = 600</msg>
<var>${b}</var>
<arg>${b}+100</arg>
<doc>Evaluates the given expression in Python and returns the result.</doc>
<status status="PASS" start="2026-02-16T15:56:24.656393" elapsed="0.000000"/>
</kw>
<kw name="Move Mouse" owner="RPA.Desktop">
<msg time="2026-02-16T15:56:24.658250" level="INFO">Resolving locator: coordinates:600,600</msg>
<msg time="2026-02-16T15:56:24.745905" level="INFO">Moving mouse to (600, 600)</msg>
<arg>locator=coordinates:${r},${b}</arg>
<doc>Move mouse to given coordinates.</doc>
<status status="PASS" start="2026-02-16T15:56:24.656393" elapsed="0.089512"/>
</kw>
<kw name="Sleep" owner="BuiltIn">
<msg time="2026-02-16T15:56:24.757506" level="INFO">Slept 10 milliseconds.</msg>
<arg>0.01</arg>
<doc>Pauses the test executed for the given time.</doc>
<status status="PASS" start="2026-02-16T15:56:24.745905" elapsed="0.011601"/>
</kw>
<status status="PASS" start="2026-02-16T15:56:24.656393" elapsed="0.101113"/>
</iter>
<iter>
<kw name="Evaluate" owner="BuiltIn">
<msg time="2026-02-16T15:56:24.757506" level="INFO">${r} = 700</msg>
<var>${r}</var>
<arg>${r}+100</arg>
<doc>Evaluates the given expression in Python and returns the result.</doc>
<status status="PASS" start="2026-02-16T15:56:24.757506" elapsed="0.000000"/>
</kw>
<kw name="Evaluate" owner="BuiltIn">
<msg time="2026-02-16T15:56:24.757506" level="INFO">${b} = 700</msg>
<var>${b}</var>
<arg>${b}+100</arg>
<doc>Evaluates the given expression in Python and returns the result.</doc>
<status status="PASS" start="2026-02-16T15:56:24.757506" elapsed="0.000000"/>
</kw>
<kw name="Move Mouse" owner="RPA.Desktop">
<msg time="2026-02-16T15:56:24.757506" level="INFO">Resolving locator: coordinates:700,700</msg>
<msg time="2026-02-16T15:56:24.846430" level="INFO">Moving mouse to (700, 700)</msg>
<arg>locator=coordinates:${r},${b}</arg>
<doc>Move mouse to given coordinates.</doc>
<status status="PASS" start="2026-02-16T15:56:24.757506" elapsed="0.088924"/>
</kw>
<kw name="Sleep" owner="BuiltIn">
<msg time="2026-02-16T15:56:24.858004" level="INFO">Slept 10 milliseconds.</msg>
<arg>0.01</arg>
<doc>Pauses the test executed for the given time.</doc>
<status status="PASS" start="2026-02-16T15:56:24.846430" elapsed="0.011574"/>
</kw>
<status status="PASS" start="2026-02-16T15:56:24.757506" elapsed="0.100498"/>
</iter>
<iter>
<kw name="Evaluate" owner="BuiltIn">
<msg time="2026-02-16T15:56:24.859920" level="INFO">${r} = 800</msg>
<var>${r}</var>
<arg>${r}+100</arg>
<doc>Evaluates the given expression in Python and returns the result.</doc>
<status status="PASS" start="2026-02-16T15:56:24.858004" elapsed="0.001916"/>
</kw>
<kw name="Evaluate" owner="BuiltIn">
<msg time="2026-02-16T15:56:24.859920" level="INFO">${b} = 800</msg>
<var>${b}</var>
<arg>${b}+100</arg>
<doc>Evaluates the given expression in Python and returns the result.</doc>
<status status="PASS" start="2026-02-16T15:56:24.859920" elapsed="0.000000"/>
</kw>
<kw name="Move Mouse" owner="RPA.Desktop">
<msg time="2026-02-16T15:56:24.859920" level="INFO">Resolving locator: coordinates:800,800</msg>
<msg time="2026-02-16T15:56:24.948437" level="INFO">Moving mouse to (800, 800)</msg>
<arg>locator=coordinates:${r},${b}</arg>
<doc>Move mouse to given coordinates.</doc>
<status status="PASS" start="2026-02-16T15:56:24.859920" elapsed="0.088517"/>
</kw>
<kw name="Sleep" owner="BuiltIn">
<msg time="2026-02-16T15:56:24.960047" level="INFO">Slept 10 milliseconds.</msg>
<arg>0.01</arg>
<doc>Pauses the test executed for the given time.</doc>
<status status="PASS" start="2026-02-16T15:56:24.948437" elapsed="0.011610"/>
</kw>
<status status="PASS" start="2026-02-16T15:56:24.858004" elapsed="0.102043"/>
</iter>
<iter>
<kw name="Evaluate" owner="BuiltIn">
<msg time="2026-02-16T15:56:24.960047" level="INFO">${r} = 900</msg>
<var>${r}</var>
<arg>${r}+100</arg>
<doc>Evaluates the given expression in Python and returns the result.</doc>
<status status="PASS" start="2026-02-16T15:56:24.960047" elapsed="0.000000"/>
</kw>
<kw name="Evaluate" owner="BuiltIn">
<msg time="2026-02-16T15:56:24.961187" level="INFO">${b} = 900</msg>
<var>${b}</var>
<arg>${b}+100</arg>
<doc>Evaluates the given expression in Python and returns the result.</doc>
<status status="PASS" start="2026-02-16T15:56:24.961187" elapsed="0.000000"/>
</kw>
<kw name="Move Mouse" owner="RPA.Desktop">
<msg time="2026-02-16T15:56:24.961187" level="INFO">Resolving locator: coordinates:900,900</msg>
<msg time="2026-02-16T15:56:25.050551" level="INFO">Moving mouse to (900, 900)</msg>
<arg>locator=coordinates:${r},${b}</arg>
<doc>Move mouse to given coordinates.</doc>
<status status="PASS" start="2026-02-16T15:56:24.961187" elapsed="0.089364"/>
</kw>
<kw name="Sleep" owner="BuiltIn">
<msg time="2026-02-16T15:56:25.061992" level="INFO">Slept 10 milliseconds.</msg>
<arg>0.01</arg>
<doc>Pauses the test executed for the given time.</doc>
<status status="PASS" start="2026-02-16T15:56:25.050551" elapsed="0.011441"/>
</kw>
<status status="PASS" start="2026-02-16T15:56:24.960047" elapsed="0.101945"/>
</iter>
<iter>
<kw name="Evaluate" owner="BuiltIn">
<msg time="2026-02-16T15:56:25.061992" level="INFO">${r} = 1000</msg>
<var>${r}</var>
<arg>${r}+100</arg>
<doc>Evaluates the given expression in Python and returns the result.</doc>
<status status="PASS" start="2026-02-16T15:56:25.061992" elapsed="0.000000"/>
</kw>
<kw name="Evaluate" owner="BuiltIn">
<msg time="2026-02-16T15:56:25.061992" level="INFO">${b} = 1000</msg>
<var>${b}</var>
<arg>${b}+100</arg>
<doc>Evaluates the given expression in Python and returns the result.</doc>
<status status="PASS" start="2026-02-16T15:56:25.061992" elapsed="0.000000"/>
</kw>
<kw name="Move Mouse" owner="RPA.Desktop">
<msg time="2026-02-16T15:56:25.061992" level="INFO">Resolving locator: coordinates:1000,1000</msg>
<msg time="2026-02-16T15:56:25.154370" level="INFO">Moving mouse to (1000, 1000)</msg>
<arg>locator=coordinates:${r},${b}</arg>
<doc>Move mouse to given coordinates.</doc>
<status status="PASS" start="2026-02-16T15:56:25.061992" elapsed="0.092378"/>
</kw>
<kw name="Sleep" owner="BuiltIn">
<msg time="2026-02-16T15:56:25.165860" level="INFO">Slept 10 milliseconds.</msg>
<arg>0.01</arg>
<doc>Pauses the test executed for the given time.</doc>
<status status="PASS" start="2026-02-16T15:56:25.154370" elapsed="0.011490"/>
</kw>
<status status="PASS" start="2026-02-16T15:56:25.061992" elapsed="0.103868"/>
</iter>
<iter>
<kw name="Evaluate" owner="BuiltIn">
<msg time="2026-02-16T15:56:25.167622" level="INFO">${r} = 1100</msg>
<var>${r}</var>
<arg>${r}+100</arg>
<doc>Evaluates the given expression in Python and returns the result.</doc>
<status status="PASS" start="2026-02-16T15:56:25.167622" elapsed="0.000000"/>
</kw>
<kw name="Evaluate" owner="BuiltIn">
<msg time="2026-02-16T15:56:25.167622" level="INFO">${b} = 1100</msg>
<var>${b}</var>
<arg>${b}+100</arg>
<doc>Evaluates the given expression in Python and returns the result.</doc>
<status status="PASS" start="2026-02-16T15:56:25.167622" elapsed="0.000000"/>
</kw>
<kw name="Move Mouse" owner="RPA.Desktop">
<msg time="2026-02-16T15:56:25.167622" level="INFO">Resolving locator: coordinates:1100,1100</msg>
<msg time="2026-02-16T15:56:25.256512" level="INFO">Moving mouse to (1100, 1100)</msg>
<arg>locator=coordinates:${r},${b}</arg>
<doc>Move mouse to given coordinates.</doc>
<status status="PASS" start="2026-02-16T15:56:25.167622" elapsed="0.088890"/>
</kw>
<kw name="Sleep" owner="BuiltIn">
<msg time="2026-02-16T15:56:25.268665" level="INFO">Slept 10 milliseconds.</msg>
<arg>0.01</arg>
<doc>Pauses the test executed for the given time.</doc>
<status status="PASS" start="2026-02-16T15:56:25.256512" elapsed="0.012153"/>
</kw>
<status status="PASS" start="2026-02-16T15:56:25.165860" elapsed="0.102805"/>
</iter>
<status status="PASS" start="2026-02-16T15:56:24.237517" elapsed="1.031148"/>
</while>
<kw name="Release Mouse Button" owner="RPA.Desktop">
<msg time="2026-02-16T15:56:25.358036" level="INFO">Releasing mouse button: Button.left</msg>
<arg>button=left</arg>
<doc>Release mouse button that was previously pressed.</doc>
<status status="PASS" start="2026-02-16T15:56:25.268665" elapsed="0.089371"/>
</kw>
<kw name="Sleep" owner="BuiltIn">
<msg time="2026-02-16T15:56:26.859978" level="INFO">Slept 1 second 500 milliseconds.</msg>
<arg>1.5</arg>
<doc>Pauses the test executed for the given time.</doc>
<status status="PASS" start="2026-02-16T15:56:25.358036" elapsed="1.501942"/>
</kw>
<arg>${left}</arg>
<arg>${top}</arg>
<arg>${right}</arg>
<arg>${bottom}</arg>
<status status="PASS" start="2026-02-16T15:56:23.618152" elapsed="3.241826"/>
</kw>
<kw name="Press Keys" owner="RPA.Desktop">
<msg time="2026-02-16T15:56:26.859978" level="INFO">Pressing keys: 'a'</msg>
<arg>a</arg>
<doc>Press multiple keys down simultaneously.</doc>
<status status="PASS" start="2026-02-16T15:56:26.859978" elapsed="0.001427"/>
</kw>
<kw name="Sleep" owner="BuiltIn">
<msg time="2026-02-16T15:56:28.862419" level="INFO">Slept 2 seconds.</msg>
<arg>2s</arg>
<doc>Pauses the test executed for the given time.</doc>
<status status="PASS" start="2026-02-16T15:56:26.861405" elapsed="2.001014"/>
</kw>
<kw name="Arrow Coordinates" owner="resource">
<kw name="Evaluate" owner="BuiltIn">
<msg time="2026-02-16T15:56:28.862419" level="INFO">${start_x} = 256</msg>
<var>${start_x}</var>
<arg>int(${left} + (${right} - ${left}) * ${start_x_ratio})</arg>
<doc>Evaluates the given expression in Python and returns the result.</doc>
<status status="PASS" start="2026-02-16T15:56:28.862419" elapsed="0.000000"/>
</kw>
<kw name="Evaluate" owner="BuiltIn">
<msg time="2026-02-16T15:56:28.864453" level="INFO">${start_y} = 384</msg>
<var>${start_y}</var>
<arg>int(${top} + (${bottom} - ${top}) * ${start_y_ratio})</arg>
<doc>Evaluates the given expression in Python and returns the result.</doc>
<status status="PASS" start="2026-02-16T15:56:28.864453" elapsed="0.000000"/>
</kw>
<kw name="Evaluate" owner="BuiltIn">
<msg time="2026-02-16T15:56:28.864453" level="INFO">${end_x} = 924</msg>
<var>${end_x}</var>
<arg>int(${right} - ${end_margin})</arg>
<doc>Evaluates the given expression in Python and returns the result.</doc>
<status status="PASS" start="2026-02-16T15:56:28.864453" elapsed="0.000000"/>
</kw>
<kw name="Evaluate" owner="BuiltIn">
<msg time="2026-02-16T15:56:28.864453" level="INFO">${end_y} = 668</msg>
<var>${end_y}</var>
<arg>int(${bottom} - ${end_margin})</arg>
<doc>Evaluates the given expression in Python and returns the result.</doc>
<status status="PASS" start="2026-02-16T15:56:28.864453" elapsed="0.000000"/>
</kw>
<return>
<value>${start_x}</value>
<value>${start_y}</value>
<value>${end_x}</value>
<value>${end_y}</value>
<status status="PASS" start="2026-02-16T15:56:28.864453" elapsed="0.000000"/>
</return>
<msg time="2026-02-16T15:56:28.864453" level="INFO">${start_x} = 256</msg>
<msg time="2026-02-16T15:56:28.866466" level="INFO">${start_y} = 384</msg>
<msg time="2026-02-16T15:56:28.866466" level="INFO">${end_x} = 924</msg>
<msg time="2026-02-16T15:56:28.866466" level="INFO">${end_y} = 668</msg>
<var>${start_x}</var>
<var>${start_y}</var>
<var>${end_x}</var>
<var>${end_y}</var>
<arg>${left}</arg>
<arg>${top}</arg>
<arg>${right}</arg>
<arg>${bottom}</arg>
<status status="PASS" start="2026-02-16T15:56:28.862419" elapsed="0.004047"/>
</kw>
<kw name="Draw Drag" owner="resource">
<kw name="Move Mouse" owner="RPA.Desktop">
<msg time="2026-02-16T15:56:28.866466" level="INFO">Resolving locator: coordinates:256,384</msg>
<msg time="2026-02-16T15:56:28.866466" level="INFO">Moving mouse to (256, 384)</msg>
<arg>locator=coordinates:${start_x},${start_y}</arg>
<doc>Move mouse to given coordinates.</doc>
<status status="PASS" start="2026-02-16T15:56:28.866466" elapsed="0.000000"/>
</kw>
<kw name="Press Mouse Button" owner="RPA.Desktop">
<msg time="2026-02-16T15:56:28.967011" level="INFO">Pressing down mouse button: Button.left</msg>
<arg>button=left</arg>
<doc>Press down mouse button and keep it pressed.</doc>
<status status="PASS" start="2026-02-16T15:56:28.868422" elapsed="0.120849"/>
</kw>
<kw name="Sleep" owner="BuiltIn">
<msg time="2026-02-16T15:56:29.191639" level="INFO">Slept 200 milliseconds.</msg>
<arg>${press_delay}</arg>
<doc>Pauses the test executed for the given time.</doc>
<status status="PASS" start="2026-02-16T15:56:28.989271" elapsed="0.202368"/>
</kw>
<kw name="Move Mouse" owner="RPA.Desktop">
<msg time="2026-02-16T15:56:29.191639" level="INFO">Resolving locator: coordinates:924,668</msg>
<msg time="2026-02-16T15:56:29.191639" level="INFO">Moving mouse to (924, 668)</msg>
<arg>locator=coordinates:${end_x},${end_y}</arg>
<doc>Move mouse to given coordinates.</doc>
<status status="PASS" start="2026-02-16T15:56:29.191639" elapsed="0.000000"/>
</kw>
<kw name="Sleep" owner="BuiltIn">
<msg time="2026-02-16T15:56:29.693528" level="INFO">Slept 500 milliseconds.</msg>
<arg>${move_delay}</arg>
<doc>Pauses the test executed for the given time.</doc>
<status status="PASS" start="2026-02-16T15:56:29.192959" elapsed="0.500569"/>
</kw>
<kw name="Release Mouse Button" owner="RPA.Desktop">
<msg time="2026-02-16T15:56:29.693528" level="INFO">Releasing mouse button: Button.left</msg>
<arg>button=left</arg>
<doc>Release mouse button that was previously pressed.</doc>
<status status="PASS" start="2026-02-16T15:56:29.693528" elapsed="0.000000"/>
</kw>
<kw name="Sleep" owner="BuiltIn">
<msg time="2026-02-16T15:56:30.693871" level="INFO">Slept 1 second.</msg>
<arg>1s</arg>
<doc>Pauses the test executed for the given time.</doc>
<status status="PASS" start="2026-02-16T15:56:29.693528" elapsed="1.000343"/>
</kw>
<arg>${start_x}</arg>
<arg>${start_y}</arg>
<arg>${end_x}</arg>
<arg>${end_y}</arg>
<status status="PASS" start="2026-02-16T15:56:28.866466" elapsed="1.827405"/>
</kw>
<kw name="Press Keys" owner="RPA.Desktop">
<msg time="2026-02-16T15:56:30.693871" level="INFO">Pressing keys: Key.ctrl, 's'</msg>
<arg>ctrl</arg>
<arg>s</arg>
<doc>Press multiple keys down simultaneously.</doc>
<status status="PASS" start="2026-02-16T15:56:30.693871" elapsed="0.001240"/>
</kw>
<kw name="Sleep" owner="BuiltIn">
<msg time="2026-02-16T15:56:31.695740" level="INFO">Slept 1 second.</msg>
<arg>1s</arg>
<doc>Pauses the test executed for the given time.</doc>
<status status="PASS" start="2026-02-16T15:56:30.695111" elapsed="1.000629"/>
</kw>
<kw name="Type Text" owner="RPA.Desktop">
<arg>testfile_arrow.png</arg>
<doc>Type text one letter at a time.</doc>
<status status="PASS" start="2026-02-16T15:56:31.695740" elapsed="0.004079"/>
</kw>
<kw name="Sleep" owner="BuiltIn">
<msg time="2026-02-16T15:56:32.702319" level="INFO">Slept 1 second.</msg>
<arg>1s</arg>
<doc>Pauses the test executed for the given time.</doc>
<status status="PASS" start="2026-02-16T15:56:31.701840" elapsed="1.000479"/>
</kw>
<kw name="Press Keys" owner="RPA.Desktop">
<msg time="2026-02-16T15:56:32.702319" level="INFO">Pressing keys: Key.enter</msg>
<arg>enter</arg>
<doc>Press multiple keys down simultaneously.</doc>
<status status="PASS" start="2026-02-16T15:56:32.702319" elapsed="0.000000"/>
</kw>
<kw name="Close Flameshot" owner="resource" type="TEARDOWN">
<kw name="Press Keys" owner="RPA.Desktop">
<msg time="2026-02-16T15:56:32.703911" level="INFO">Pressing keys: Key.esc</msg>
<arg>ESC</arg>
<doc>Press multiple keys down simultaneously.</doc>
<status status="PASS" start="2026-02-16T15:56:32.703911" elapsed="0.099490"/>
</kw>
<kw name="Sleep" owner="BuiltIn">
<msg time="2026-02-16T15:56:33.305627" level="INFO">Slept 500 milliseconds.</msg>
<arg>0.5</arg>
<doc>Pauses the test executed for the given time.</doc>
<status status="PASS" start="2026-02-16T15:56:32.805205" elapsed="0.500422"/>
</kw>
<kw name="Run Process" owner="Process">
<msg time="2026-02-16T15:56:33.305627" level="INFO">Starting process:
taskkill /IM flameshot.exe /F</msg>
<msg time="2026-02-16T15:56:33.307691" level="INFO">Waiting for process to complete.</msg>
<msg time="2026-02-16T15:56:33.369866" level="INFO">Process completed.</msg>
<arg>taskkill</arg>
<arg>/IM</arg>
<arg>flameshot.exe</arg>
<arg>/F</arg>
<doc>Runs a process and waits for it to complete.</doc>
<status status="PASS" start="2026-02-16T15:56:33.305627" elapsed="0.064239"/>
</kw>
<status status="PASS" start="2026-02-16T15:56:32.703911" elapsed="0.665955"/>
</kw>
<status status="PASS" start="2026-02-16T15:56:22.609526" elapsed="10.760340"/>
</test>
<test id="s1-t3" name="Shape added" line="55">
<kw name="Open Flameshot" owner="resource" type="SETUP">
<kw name="Start Process" owner="Process">
<msg time="2026-02-16T15:56:33.372007" level="INFO">Starting process:
flameshot gui</msg>
<arg>flameshot</arg>
<arg>gui</arg>
<doc>Starts a new process on background.</doc>
<status status="PASS" start="2026-02-16T15:56:33.372007" elapsed="0.004145"/>
</kw>
<kw name="Sleep" owner="BuiltIn">
<msg time="2026-02-16T15:56:34.376916" level="INFO">Slept 1 second.</msg>
<arg>1.0</arg>
<doc>Pauses the test executed for the given time.</doc>
<status status="PASS" start="2026-02-16T15:56:33.376152" elapsed="1.000764"/>
</kw>
<status status="PASS" start="2026-02-16T15:56:33.372007" elapsed="1.004909"/>
</kw>
<kw name="Screen Dimensions" owner="resource">
<kw name="Get Display Dimensions" owner="RPA.Desktop">
<msg time="2026-02-16T15:56:34.376916" level="INFO">${region} = region:0,0,1024,768</msg>
<var>${region}</var>
<doc>Returns the dimensions of the current virtual display,
which is the combined size of all physical monitors.</doc>
<status status="PASS" start="2026-02-16T15:56:34.376916" elapsed="0.000000"/>
</kw>
<return>
<value>${region.left}</value>
<value>${region.top}</value>
<value>${region.right}</value>
<value>${region.bottom}</value>
<status status="PASS" start="2026-02-16T15:56:34.378917" elapsed="0.000000"/>
</return>
<msg time="2026-02-16T15:56:34.380665" level="INFO">${left} = 0</msg>
<msg time="2026-02-16T15:56:34.380665" level="INFO">${top} = 0</msg>
<msg time="2026-02-16T15:56:34.380665" level="INFO">${right} = 1024</msg>
<msg time="2026-02-16T15:56:34.380665" level="INFO">${bottom} = 768</msg>
<var>${left}</var>
<var>${top}</var>
<var>${right}</var>
<var>${bottom}</var>
<status status="PASS" start="2026-02-16T15:56:34.376916" elapsed="0.003749"/>
</kw>
<kw name="Capture Fullscreen" owner="resource">
<kw name="Move Mouse" owner="RPA.Desktop">
<msg time="2026-02-16T15:56:34.380665" level="INFO">Resolving locator: coordinates:0,0</msg>
<msg time="2026-02-16T15:56:34.380665" level="INFO">Moving mouse to (0, 0)</msg>
<arg>locator=coordinates:${left},${top}</arg>
<doc>Move mouse to given coordinates.</doc>
<status status="PASS" start="2026-02-16T15:56:34.380665" elapsed="0.001977"/>
</kw>
<kw name="Press Mouse Button" owner="RPA.Desktop">
<msg time="2026-02-16T15:56:34.483519" level="INFO">Pressing down mouse button: Button.left</msg>
<arg>button=left</arg>
<doc>Press down mouse button and keep it pressed.</doc>
<status status="PASS" start="2026-02-16T15:56:34.382642" elapsed="0.135196"/>
</kw>
<kw name="Sleep" owner="BuiltIn">
<msg time="2026-02-16T15:56:35.018633" level="INFO">Slept 500 milliseconds.</msg>
<arg>0.5</arg>
<doc>Pauses the test executed for the given time.</doc>
<status status="PASS" start="2026-02-16T15:56:34.517838" elapsed="0.500795"/>
</kw>
<kw name="Set Variable" owner="BuiltIn">
<msg time="2026-02-16T15:56:35.018633" level="INFO">${r} = 0</msg>
<var>${r}</var>
<arg>${left}</arg>
<doc>Returns the given values which can then be assigned to a variables.</doc>
<status status="PASS" start="2026-02-16T15:56:35.018633" elapsed="0.000000"/>
</kw>
<kw name="Set Variable" owner="BuiltIn">
<msg time="2026-02-16T15:56:35.018633" level="INFO">${b} = 0</msg>
<var>${b}</var>
<arg>${top}</arg>
<doc>Returns the given values which can then be assigned to a variables.</doc>
<status status="PASS" start="2026-02-16T15:56:35.018633" elapsed="0.000000"/>
</kw>
<while condition="${r} &lt; ${right} or ${b} &lt; ${bottom}">
<iter>
<kw name="Evaluate" owner="BuiltIn">
<msg time="2026-02-16T15:56:35.020402" level="INFO">${r} = 100</msg>
<var>${r}</var>
<arg>${r}+100</arg>
<doc>Evaluates the given expression in Python and returns the result.</doc>
<status status="PASS" start="2026-02-16T15:56:35.020402" elapsed="0.000000"/>
</kw>
<kw name="Evaluate" owner="BuiltIn">
<msg time="2026-02-16T15:56:35.020402" level="INFO">${b} = 100</msg>
<var>${b}</var>
<arg>${b}+100</arg>
<doc>Evaluates the given expression in Python and returns the result.</doc>
<status status="PASS" start="2026-02-16T15:56:35.020402" elapsed="0.000000"/>
</kw>
<kw name="Move Mouse" owner="RPA.Desktop">
<msg time="2026-02-16T15:56:35.020402" level="INFO">Resolving locator: coordinates:100,100</msg>
<msg time="2026-02-16T15:56:35.020402" level="INFO">Moving mouse to (100, 100)</msg>
<arg>locator=coordinates:${r},${b}</arg>
<doc>Move mouse to given coordinates.</doc>
<status status="PASS" start="2026-02-16T15:56:35.020402" elapsed="0.001823"/>
</kw>
<kw name="Sleep" owner="BuiltIn">
<msg time="2026-02-16T15:56:35.034712" level="INFO">Slept 10 milliseconds.</msg>
<arg>0.01</arg>
<doc>Pauses the test executed for the given time.</doc>
<status status="PASS" start="2026-02-16T15:56:35.022225" elapsed="0.012487"/>
</kw>
<status status="PASS" start="2026-02-16T15:56:35.018633" elapsed="0.016079"/>
</iter>
<iter>
<kw name="Evaluate" owner="BuiltIn">
<msg time="2026-02-16T15:56:35.034712" level="INFO">${r} = 200</msg>
<var>${r}</var>
<arg>${r}+100</arg>
<doc>Evaluates the given expression in Python and returns the result.</doc>
<status status="PASS" start="2026-02-16T15:56:35.034712" elapsed="0.001912"/>
</kw>
<kw name="Evaluate" owner="BuiltIn">
<msg time="2026-02-16T15:56:35.036624" level="INFO">${b} = 200</msg>
<var>${b}</var>
<arg>${b}+100</arg>
<doc>Evaluates the given expression in Python and returns the result.</doc>
<status status="PASS" start="2026-02-16T15:56:35.036624" elapsed="0.000000"/>
</kw>
<kw name="Move Mouse" owner="RPA.Desktop">
<msg time="2026-02-16T15:56:35.036624" level="INFO">Resolving locator: coordinates:200,200</msg>
<msg time="2026-02-16T15:56:35.123709" level="INFO">Moving mouse to (200, 200)</msg>
<arg>locator=coordinates:${r},${b}</arg>
<doc>Move mouse to given coordinates.</doc>
<status status="PASS" start="2026-02-16T15:56:35.036624" elapsed="0.087085"/>
</kw>
<kw name="Sleep" owner="BuiltIn">
<msg time="2026-02-16T15:56:35.135707" level="INFO">Slept 10 milliseconds.</msg>
<arg>0.01</arg>
<doc>Pauses the test executed for the given time.</doc>
<status status="PASS" start="2026-02-16T15:56:35.123709" elapsed="0.011998"/>
</kw>
<status status="PASS" start="2026-02-16T15:56:35.034712" elapsed="0.100995"/>
</iter>
<iter>
<kw name="Evaluate" owner="BuiltIn">
<msg time="2026-02-16T15:56:35.135707" level="INFO">${r} = 300</msg>
<var>${r}</var>
<arg>${r}+100</arg>
<doc>Evaluates the given expression in Python and returns the result.</doc>
<status status="PASS" start="2026-02-16T15:56:35.135707" elapsed="0.000000"/>
</kw>
<kw name="Evaluate" owner="BuiltIn">
<msg time="2026-02-16T15:56:35.137764" level="INFO">${b} = 300</msg>
<var>${b}</var>
<arg>${b}+100</arg>
<doc>Evaluates the given expression in Python and returns the result.</doc>
<status status="PASS" start="2026-02-16T15:56:35.135707" elapsed="0.002057"/>
</kw>
<kw name="Move Mouse" owner="RPA.Desktop">
<msg time="2026-02-16T15:56:35.137764" level="INFO">Resolving locator: coordinates:300,300</msg>
<msg time="2026-02-16T15:56:35.224307" level="INFO">Moving mouse to (300, 300)</msg>
<arg>locator=coordinates:${r},${b}</arg>
<doc>Move mouse to given coordinates.</doc>
<status status="PASS" start="2026-02-16T15:56:35.137764" elapsed="0.086543"/>
</kw>
<kw name="Sleep" owner="BuiltIn">
<msg time="2026-02-16T15:56:35.237707" level="INFO">Slept 10 milliseconds.</msg>
<arg>0.01</arg>
<doc>Pauses the test executed for the given time.</doc>
<status status="PASS" start="2026-02-16T15:56:35.224307" elapsed="0.013400"/>
</kw>
<status status="PASS" start="2026-02-16T15:56:35.135707" elapsed="0.102000"/>
</iter>
<iter>
<kw name="Evaluate" owner="BuiltIn">
<msg time="2026-02-16T15:56:35.237707" level="INFO">${r} = 400</msg>
<var>${r}</var>
<arg>${r}+100</arg>
<doc>Evaluates the given expression in Python and returns the result.</doc>
<status status="PASS" start="2026-02-16T15:56:35.237707" elapsed="0.000000"/>
</kw>
<kw name="Evaluate" owner="BuiltIn">
<msg time="2026-02-16T15:56:35.237707" level="INFO">${b} = 400</msg>
<var>${b}</var>
<arg>${b}+100</arg>
<doc>Evaluates the given expression in Python and returns the result.</doc>
<status status="PASS" start="2026-02-16T15:56:35.237707" elapsed="0.000000"/>
</kw>
<kw name="Move Mouse" owner="RPA.Desktop">
<msg time="2026-02-16T15:56:35.240184" level="INFO">Resolving locator: coordinates:400,400</msg>
<msg time="2026-02-16T15:56:35.325508" level="INFO">Moving mouse to (400, 400)</msg>
<arg>locator=coordinates:${r},${b}</arg>
<doc>Move mouse to given coordinates.</doc>
<status status="PASS" start="2026-02-16T15:56:35.240184" elapsed="0.085324"/>
</kw>
<kw name="Sleep" owner="BuiltIn">
<msg time="2026-02-16T15:56:35.336780" level="INFO">Slept 10 milliseconds.</msg>
<arg>0.01</arg>
<doc>Pauses the test executed for the given time.</doc>
<status status="PASS" start="2026-02-16T15:56:35.325508" elapsed="0.011272"/>
</kw>
<status status="PASS" start="2026-02-16T15:56:35.237707" elapsed="0.099073"/>
</iter>
<iter>
<kw name="Evaluate" owner="BuiltIn">
<msg time="2026-02-16T15:56:35.338767" level="INFO">${r} = 500</msg>
<var>${r}</var>
<arg>${r}+100</arg>
<doc>Evaluates the given expression in Python and returns the result.</doc>
<status status="PASS" start="2026-02-16T15:56:35.336780" elapsed="0.001987"/>
</kw>
<kw name="Evaluate" owner="BuiltIn">
<msg time="2026-02-16T15:56:35.338767" level="INFO">${b} = 500</msg>
<var>${b}</var>
<arg>${b}+100</arg>
<doc>Evaluates the given expression in Python and returns the result.</doc>
<status status="PASS" start="2026-02-16T15:56:35.338767" elapsed="0.000000"/>
</kw>
<kw name="Move Mouse" owner="RPA.Desktop">
<msg time="2026-02-16T15:56:35.338767" level="INFO">Resolving locator: coordinates:500,500</msg>
<msg time="2026-02-16T15:56:35.426447" level="INFO">Moving mouse to (500, 500)</msg>
<arg>locator=coordinates:${r},${b}</arg>
<doc>Move mouse to given coordinates.</doc>
<status status="PASS" start="2026-02-16T15:56:35.338767" elapsed="0.087680"/>
</kw>
<kw name="Sleep" owner="BuiltIn">
<msg time="2026-02-16T15:56:35.438704" level="INFO">Slept 10 milliseconds.</msg>
<arg>0.01</arg>
<doc>Pauses the test executed for the given time.</doc>
<status status="PASS" start="2026-02-16T15:56:35.426447" elapsed="0.012257"/>
</kw>
<status status="PASS" start="2026-02-16T15:56:35.336780" elapsed="0.101924"/>
</iter>
<iter>
<kw name="Evaluate" owner="BuiltIn">
<msg time="2026-02-16T15:56:35.440763" level="INFO">${r} = 600</msg>
<var>${r}</var>
<arg>${r}+100</arg>
<doc>Evaluates the given expression in Python and returns the result.</doc>
<status status="PASS" start="2026-02-16T15:56:35.438704" elapsed="0.002059"/>
</kw>
<kw name="Evaluate" owner="BuiltIn">
<msg time="2026-02-16T15:56:35.440763" level="INFO">${b} = 600</msg>
<var>${b}</var>
<arg>${b}+100</arg>
<doc>Evaluates the given expression in Python and returns the result.</doc>
<status status="PASS" start="2026-02-16T15:56:35.440763" elapsed="0.000000"/>
</kw>
<kw name="Move Mouse" owner="RPA.Desktop">
<msg time="2026-02-16T15:56:35.440763" level="INFO">Resolving locator: coordinates:600,600</msg>
<msg time="2026-02-16T15:56:35.528604" level="INFO">Moving mouse to (600, 600)</msg>
<arg>locator=coordinates:${r},${b}</arg>
<doc>Move mouse to given coordinates.</doc>
<status status="PASS" start="2026-02-16T15:56:35.440763" elapsed="0.087841"/>
</kw>
<kw name="Sleep" owner="BuiltIn">
<msg time="2026-02-16T15:56:35.540989" level="INFO">Slept 10 milliseconds.</msg>
<arg>0.01</arg>
<doc>Pauses the test executed for the given time.</doc>
<status status="PASS" start="2026-02-16T15:56:35.528604" elapsed="0.012385"/>
</kw>
<status status="PASS" start="2026-02-16T15:56:35.438704" elapsed="0.102285"/>
</iter>
<iter>
<kw name="Evaluate" owner="BuiltIn">
<msg time="2026-02-16T15:56:35.542360" level="INFO">${r} = 700</msg>
<var>${r}</var>
<arg>${r}+100</arg>
<doc>Evaluates the given expression in Python and returns the result.</doc>
<status status="PASS" start="2026-02-16T15:56:35.542360" elapsed="0.000000"/>
</kw>
<kw name="Evaluate" owner="BuiltIn">
<msg time="2026-02-16T15:56:35.544085" level="INFO">${b} = 700</msg>
<var>${b}</var>
<arg>${b}+100</arg>
<doc>Evaluates the given expression in Python and returns the result.</doc>
<status status="PASS" start="2026-02-16T15:56:35.542360" elapsed="0.001725"/>
</kw>
<kw name="Move Mouse" owner="RPA.Desktop">
<msg time="2026-02-16T15:56:35.544085" level="INFO">Resolving locator: coordinates:700,700</msg>
<msg time="2026-02-16T15:56:35.630943" level="INFO">Moving mouse to (700, 700)</msg>
<arg>locator=coordinates:${r},${b}</arg>
<doc>Move mouse to given coordinates.</doc>
<status status="PASS" start="2026-02-16T15:56:35.544085" elapsed="0.086858"/>
</kw>
<kw name="Sleep" owner="BuiltIn">
<msg time="2026-02-16T15:56:35.642278" level="INFO">Slept 10 milliseconds.</msg>
<arg>0.01</arg>
<doc>Pauses the test executed for the given time.</doc>
<status status="PASS" start="2026-02-16T15:56:35.630943" elapsed="0.011335"/>
</kw>
<status status="PASS" start="2026-02-16T15:56:35.540989" elapsed="0.101289"/>
</iter>
<iter>
<kw name="Evaluate" owner="BuiltIn">
<msg time="2026-02-16T15:56:35.642278" level="INFO">${r} = 800</msg>
<var>${r}</var>
<arg>${r}+100</arg>
<doc>Evaluates the given expression in Python and returns the result.</doc>
<status status="PASS" start="2026-02-16T15:56:35.642278" elapsed="0.000000"/>
</kw>
<kw name="Evaluate" owner="BuiltIn">
<msg time="2026-02-16T15:56:35.644336" level="INFO">${b} = 800</msg>
<var>${b}</var>
<arg>${b}+100</arg>
<doc>Evaluates the given expression in Python and returns the result.</doc>
<status status="PASS" start="2026-02-16T15:56:35.642278" elapsed="0.002058"/>
</kw>
<kw name="Move Mouse" owner="RPA.Desktop">
<msg time="2026-02-16T15:56:35.644336" level="INFO">Resolving locator: coordinates:800,800</msg>
<msg time="2026-02-16T15:56:35.732044" level="INFO">Moving mouse to (800, 800)</msg>
<arg>locator=coordinates:${r},${b}</arg>
<doc>Move mouse to given coordinates.</doc>
<status status="PASS" start="2026-02-16T15:56:35.644336" elapsed="0.087708"/>
</kw>
<kw name="Sleep" owner="BuiltIn">
<msg time="2026-02-16T15:56:35.743700" level="INFO">Slept 10 milliseconds.</msg>
<arg>0.01</arg>
<doc>Pauses the test executed for the given time.</doc>
<status status="PASS" start="2026-02-16T15:56:35.732044" elapsed="0.011656"/>
</kw>
<status status="PASS" start="2026-02-16T15:56:35.642278" elapsed="0.101422"/>
</iter>
<iter>
<kw name="Evaluate" owner="BuiltIn">
<msg time="2026-02-16T15:56:35.743700" level="INFO">${r} = 900</msg>
<var>${r}</var>
<arg>${r}+100</arg>
<doc>Evaluates the given expression in Python and returns the result.</doc>
<status status="PASS" start="2026-02-16T15:56:35.743700" elapsed="0.000000"/>
</kw>
<kw name="Evaluate" owner="BuiltIn">
<msg time="2026-02-16T15:56:35.743700" level="INFO">${b} = 900</msg>
<var>${b}</var>
<arg>${b}+100</arg>
<doc>Evaluates the given expression in Python and returns the result.</doc>
<status status="PASS" start="2026-02-16T15:56:35.743700" elapsed="0.000000"/>
</kw>
<kw name="Move Mouse" owner="RPA.Desktop">
<msg time="2026-02-16T15:56:35.746925" level="INFO">Resolving locator: coordinates:900,900</msg>
<msg time="2026-02-16T15:56:35.833093" level="INFO">Moving mouse to (900, 900)</msg>
<arg>locator=coordinates:${r},${b}</arg>
<doc>Move mouse to given coordinates.</doc>
<status status="PASS" start="2026-02-16T15:56:35.743700" elapsed="0.089393"/>
</kw>
<kw name="Sleep" owner="BuiltIn">
<msg time="2026-02-16T15:56:35.845537" level="INFO">Slept 10 milliseconds.</msg>
<arg>0.01</arg>
<doc>Pauses the test executed for the given time.</doc>
<status status="PASS" start="2026-02-16T15:56:35.833093" elapsed="0.012444"/>
</kw>
<status status="PASS" start="2026-02-16T15:56:35.743700" elapsed="0.101837"/>
</iter>
<iter>
<kw name="Evaluate" owner="BuiltIn">
<msg time="2026-02-16T15:56:35.846729" level="INFO">${r} = 1000</msg>
<var>${r}</var>
<arg>${r}+100</arg>
<doc>Evaluates the given expression in Python and returns the result.</doc>
<status status="PASS" start="2026-02-16T15:56:35.845537" elapsed="0.001192"/>
</kw>
<kw name="Evaluate" owner="BuiltIn">
<msg time="2026-02-16T15:56:35.846729" level="INFO">${b} = 1000</msg>
<var>${b}</var>
<arg>${b}+100</arg>
<doc>Evaluates the given expression in Python and returns the result.</doc>
<status status="PASS" start="2026-02-16T15:56:35.846729" elapsed="0.000000"/>
</kw>
<kw name="Move Mouse" owner="RPA.Desktop">
<msg time="2026-02-16T15:56:35.848200" level="INFO">Resolving locator: coordinates:1000,1000</msg>
<msg time="2026-02-16T15:56:35.934248" level="INFO">Moving mouse to (1000, 1000)</msg>
<arg>locator=coordinates:${r},${b}</arg>
<doc>Move mouse to given coordinates.</doc>
<status status="PASS" start="2026-02-16T15:56:35.846729" elapsed="0.087519"/>
</kw>
<kw name="Sleep" owner="BuiltIn">
<msg time="2026-02-16T15:56:35.945532" level="INFO">Slept 10 milliseconds.</msg>
<arg>0.01</arg>
<doc>Pauses the test executed for the given time.</doc>
<status status="PASS" start="2026-02-16T15:56:35.934248" elapsed="0.011284"/>
</kw>
<status status="PASS" start="2026-02-16T15:56:35.845537" elapsed="0.099995"/>
</iter>
<iter>
<kw name="Evaluate" owner="BuiltIn">
<msg time="2026-02-16T15:56:35.945532" level="INFO">${r} = 1100</msg>
<var>${r}</var>
<arg>${r}+100</arg>
<doc>Evaluates the given expression in Python and returns the result.</doc>
<status status="PASS" start="2026-02-16T15:56:35.945532" elapsed="0.000000"/>
</kw>
<kw name="Evaluate" owner="BuiltIn">
<msg time="2026-02-16T15:56:35.947803" level="INFO">${b} = 1100</msg>
<var>${b}</var>
<arg>${b}+100</arg>
<doc>Evaluates the given expression in Python and returns the result.</doc>
<status status="PASS" start="2026-02-16T15:56:35.945532" elapsed="0.002271"/>
</kw>
<kw name="Move Mouse" owner="RPA.Desktop">
<msg time="2026-02-16T15:56:35.947803" level="INFO">Resolving locator: coordinates:1100,1100</msg>
<msg time="2026-02-16T15:56:36.035691" level="INFO">Moving mouse to (1100, 1100)</msg>
<arg>locator=coordinates:${r},${b}</arg>
<doc>Move mouse to given coordinates.</doc>
<status status="PASS" start="2026-02-16T15:56:35.947803" elapsed="0.087888"/>
</kw>
<kw name="Sleep" owner="BuiltIn">
<msg time="2026-02-16T15:56:36.047489" level="INFO">Slept 10 milliseconds.</msg>
<arg>0.01</arg>
<doc>Pauses the test executed for the given time.</doc>
<status status="PASS" start="2026-02-16T15:56:36.035691" elapsed="0.011798"/>
</kw>
<status status="PASS" start="2026-02-16T15:56:35.945532" elapsed="0.101957"/>
</iter>
<status status="PASS" start="2026-02-16T15:56:35.018633" elapsed="1.028856"/>
</while>
<kw name="Release Mouse Button" owner="RPA.Desktop">
<msg time="2026-02-16T15:56:36.137900" level="INFO">Releasing mouse button: Button.left</msg>
<arg>button=left</arg>
<doc>Release mouse button that was previously pressed.</doc>
<status status="PASS" start="2026-02-16T15:56:36.047489" elapsed="0.090411"/>
</kw>
<kw name="Sleep" owner="BuiltIn">
<msg time="2026-02-16T15:56:37.638216" level="INFO">Slept 1 second 500 milliseconds.</msg>
<arg>1.5</arg>
<doc>Pauses the test executed for the given time.</doc>
<status status="PASS" start="2026-02-16T15:56:36.137900" elapsed="1.500316"/>
</kw>
<arg>${left}</arg>
<arg>${top}</arg>
<arg>${right}</arg>
<arg>${bottom}</arg>
<status status="PASS" start="2026-02-16T15:56:34.380665" elapsed="3.257551"/>
</kw>
<kw name="Press Keys" owner="RPA.Desktop">
<msg time="2026-02-16T15:56:37.638216" level="INFO">Pressing keys: 'c'</msg>
<arg>c</arg>
<doc>Press multiple keys down simultaneously.</doc>
<status status="PASS" start="2026-02-16T15:56:37.638216" elapsed="0.000000"/>
</kw>
<kw name="Sleep" owner="BuiltIn">
<msg time="2026-02-16T15:56:39.640546" level="INFO">Slept 2 seconds.</msg>
<arg>2s</arg>
<doc>Pauses the test executed for the given time.</doc>
<status status="PASS" start="2026-02-16T15:56:37.639890" elapsed="2.000656"/>
</kw>
<kw name="Screen Middle" owner="resource">
<kw name="Evaluate" owner="BuiltIn">
<msg time="2026-02-16T15:56:39.640546" level="INFO">${middle_x} = 512</msg>
<var>${middle_x}</var>
<arg>int((${left}+${right})/2)</arg>
<doc>Evaluates the given expression in Python and returns the result.</doc>
<status status="PASS" start="2026-02-16T15:56:39.640546" elapsed="0.000000"/>
</kw>
<kw name="Evaluate" owner="BuiltIn">
<msg time="2026-02-16T15:56:39.642444" level="INFO">${middle_y} = 384</msg>
<var>${middle_y}</var>
<arg>int((${top}+${bottom})/2)</arg>
<doc>Evaluates the given expression in Python and returns the result.</doc>
<status status="PASS" start="2026-02-16T15:56:39.642444" elapsed="0.000000"/>
</kw>
<return>
<value>${middle_x}</value>
<value>${middle_y}</value>
<status status="PASS" start="2026-02-16T15:56:39.642444" elapsed="0.000000"/>
</return>
<msg time="2026-02-16T15:56:39.642444" level="INFO">${middle_x} = 512</msg>
<msg time="2026-02-16T15:56:39.642444" level="INFO">${middle_y} = 384</msg>
<var>${middle_x}</var>
<var>${middle_y}</var>
<arg>${left}</arg>
<arg>${top}</arg>
<arg>${right}</arg>
<arg>${bottom}</arg>
<status status="PASS" start="2026-02-16T15:56:39.640546" elapsed="0.001898"/>
</kw>
<kw name="Move Coordinates" owner="resource">
<kw name="Evaluate" owner="BuiltIn">
<msg time="2026-02-16T15:56:39.644116" level="INFO">${nx} = 612</msg>
<var>${nx}</var>
<arg>int(${x}+${dx})</arg>
<doc>Evaluates the given expression in Python and returns the result.</doc>
<status status="PASS" start="2026-02-16T15:56:39.642444" elapsed="0.001672"/>
</kw>
<kw name="Evaluate" owner="BuiltIn">
<msg time="2026-02-16T15:56:39.644116" level="INFO">${ny} = 484</msg>
<var>${ny}</var>
<arg>int(${y}+${dy})</arg>
<doc>Evaluates the given expression in Python and returns the result.</doc>
<status status="PASS" start="2026-02-16T15:56:39.644116" elapsed="0.000000"/>
</kw>
<return>
<value>${nx}</value>
<value>${ny}</value>
<status status="PASS" start="2026-02-16T15:56:39.644116" elapsed="0.000000"/>
</return>
<msg time="2026-02-16T15:56:39.644116" level="INFO">${end_x} = 612</msg>
<msg time="2026-02-16T15:56:39.644116" level="INFO">${end_y} = 484</msg>
<var>${end_x}</var>
<var>${end_y}</var>
<arg>${middle_x}</arg>
<arg>${middle_y}</arg>
<arg>100</arg>
<arg>100</arg>
<status status="PASS" start="2026-02-16T15:56:39.642444" elapsed="0.001672"/>
</kw>
<kw name="Draw Drag" owner="resource">
<kw name="Move Mouse" owner="RPA.Desktop">
<msg time="2026-02-16T15:56:39.646262" level="INFO">Resolving locator: coordinates:512,384</msg>
<msg time="2026-02-16T15:56:39.646262" level="INFO">Moving mouse to (512, 384)</msg>
<arg>locator=coordinates:${start_x},${start_y}</arg>
<doc>Move mouse to given coordinates.</doc>
<status status="PASS" start="2026-02-16T15:56:39.646262" elapsed="0.000000"/>
</kw>
<kw name="Press Mouse Button" owner="RPA.Desktop">
<msg time="2026-02-16T15:56:39.747962" level="INFO">Pressing down mouse button: Button.left</msg>
<arg>button=left</arg>
<doc>Press down mouse button and keep it pressed.</doc>
<status status="PASS" start="2026-02-16T15:56:39.646262" elapsed="0.123588"/>
</kw>
<kw name="Sleep" owner="BuiltIn">
<msg time="2026-02-16T15:56:39.971713" level="INFO">Slept 200 milliseconds.</msg>
<arg>${press_delay}</arg>
<doc>Pauses the test executed for the given time.</doc>
<status status="PASS" start="2026-02-16T15:56:39.769850" elapsed="0.201863"/>
</kw>
<kw name="Move Mouse" owner="RPA.Desktop">
<msg time="2026-02-16T15:56:39.971713" level="INFO">Resolving locator: coordinates:612,484</msg>
<msg time="2026-02-16T15:56:39.971713" level="INFO">Moving mouse to (612, 484)</msg>
<arg>locator=coordinates:${end_x},${end_y}</arg>
<doc>Move mouse to given coordinates.</doc>
<status status="PASS" start="2026-02-16T15:56:39.971713" elapsed="0.000000"/>
</kw>
<kw name="Sleep" owner="BuiltIn">
<msg time="2026-02-16T15:56:40.473680" level="INFO">Slept 500 milliseconds.</msg>
<arg>${move_delay}</arg>
<doc>Pauses the test executed for the given time.</doc>
<status status="PASS" start="2026-02-16T15:56:39.973216" elapsed="0.500464"/>
</kw>
<kw name="Release Mouse Button" owner="RPA.Desktop">
<msg time="2026-02-16T15:56:40.473680" level="INFO">Releasing mouse button: Button.left</msg>
<arg>button=left</arg>
<doc>Release mouse button that was previously pressed.</doc>
<status status="PASS" start="2026-02-16T15:56:40.473680" elapsed="0.000000"/>
</kw>
<kw name="Sleep" owner="BuiltIn">
<msg time="2026-02-16T15:56:41.475486" level="INFO">Slept 1 second.</msg>
<arg>1s</arg>
<doc>Pauses the test executed for the given time.</doc>
<status status="PASS" start="2026-02-16T15:56:40.473680" elapsed="1.001806"/>
</kw>
<arg>${middle_x}</arg>
<arg>${middle_y}</arg>
<arg>${end_x}</arg>
<arg>${end_y}</arg>
<status status="PASS" start="2026-02-16T15:56:39.644116" elapsed="1.831370"/>
</kw>
<kw name="Sleep" owner="BuiltIn">
<msg time="2026-02-16T15:56:43.476190" level="INFO">Slept 2 seconds.</msg>
<arg>2s</arg>
<doc>Pauses the test executed for the given time.</doc>
<status status="PASS" start="2026-02-16T15:56:41.475486" elapsed="2.000704"/>
</kw>
<kw name="Press Keys" owner="RPA.Desktop">
<msg time="2026-02-16T15:56:43.476190" level="INFO">Pressing keys: Key.ctrl, 's'</msg>
<arg>ctrl</arg>
<arg>s</arg>
<doc>Press multiple keys down simultaneously.</doc>
<status status="PASS" start="2026-02-16T15:56:43.476190" elapsed="0.001959"/>
</kw>
<kw name="Sleep" owner="BuiltIn">
<msg time="2026-02-16T15:56:44.478302" level="INFO">Slept 1 second.</msg>
<arg>1s</arg>
<doc>Pauses the test executed for the given time.</doc>
<status status="PASS" start="2026-02-16T15:56:43.478149" elapsed="1.000153"/>
</kw>
<kw name="Type Text" owner="RPA.Desktop">
<arg>testfile_shape.png</arg>
<doc>Type text one letter at a time.</doc>
<status status="PASS" start="2026-02-16T15:56:44.478302" elapsed="0.003840"/>
</kw>
<kw name="Sleep" owner="BuiltIn">
<msg time="2026-02-16T15:56:45.484482" level="INFO">Slept 1 second.</msg>
<arg>1s</arg>
<doc>Pauses the test executed for the given time.</doc>
<status status="PASS" start="2026-02-16T15:56:44.484149" elapsed="1.000333"/>
</kw>
<kw name="Press Keys" owner="RPA.Desktop">
<msg time="2026-02-16T15:56:45.484482" level="INFO">Pressing keys: Key.enter</msg>
<arg>enter</arg>
<doc>Press multiple keys down simultaneously.</doc>
<status status="PASS" start="2026-02-16T15:56:45.484482" elapsed="0.001334"/>
</kw>
<kw name="Close Flameshot" owner="resource" type="TEARDOWN">
<kw name="Press Keys" owner="RPA.Desktop">
<msg time="2026-02-16T15:56:45.485816" level="INFO">Pressing keys: Key.esc</msg>
<arg>ESC</arg>
<doc>Press multiple keys down simultaneously.</doc>
<status status="PASS" start="2026-02-16T15:56:45.485816" elapsed="0.101876"/>
</kw>
<kw name="Sleep" owner="BuiltIn">
<msg time="2026-02-16T15:56:46.089303" level="INFO">Slept 500 milliseconds.</msg>
<arg>0.5</arg>
<doc>Pauses the test executed for the given time.</doc>
<status status="PASS" start="2026-02-16T15:56:45.588759" elapsed="0.500544"/>
</kw>
<kw name="Run Process" owner="Process">
<msg time="2026-02-16T15:56:46.089303" level="INFO">Starting process:
taskkill /IM flameshot.exe /F</msg>
<msg time="2026-02-16T15:56:46.091393" level="INFO">Waiting for process to complete.</msg>
<msg time="2026-02-16T15:56:46.153486" level="INFO">Process completed.</msg>
<arg>taskkill</arg>
<arg>/IM</arg>
<arg>flameshot.exe</arg>
<arg>/F</arg>
<doc>Runs a process and waits for it to complete.</doc>
<status status="PASS" start="2026-02-16T15:56:46.089303" elapsed="0.064183"/>
</kw>
<status status="PASS" start="2026-02-16T15:56:45.485816" elapsed="0.667670"/>
</kw>
<status status="PASS" start="2026-02-16T15:56:33.372007" elapsed="12.783579"/>
</test>
[...]
<msg time="2026-02-16T15:56:47.991063" level="INFO">${b} = 400</msg>
<var>${b}</var>
<arg>${b}+100</arg>
<doc>Evaluates the given expression in Python and returns the result.</doc>
<status status="PASS" start="2026-02-16T15:56:47.991063" elapsed="0.000000"/>
</kw>
<kw name="Move Mouse" owner="RPA.Desktop">
<msg time="2026-02-16T15:56:47.993018" level="INFO">Resolving locator: coordinates:400,400</msg>
<msg time="2026-02-16T15:56:48.079827" level="INFO">Moving mouse to (400, 400)</msg>
<arg>locator=coordinates:${r},${b}</arg>
<doc>Move mouse to given coordinates.</doc>
<status status="PASS" start="2026-02-16T15:56:47.991063" elapsed="0.088764"/>
</kw>
<kw name="Sleep" owner="BuiltIn">
<msg time="2026-02-16T15:56:48.091897" level="INFO">Slept 10 milliseconds.</msg>
<arg>0.01</arg>
<doc>Pauses the test executed for the given time.</doc>
<status status="PASS" start="2026-02-16T15:56:48.079827" elapsed="0.012070"/>
</kw>
<status status="PASS" start="2026-02-16T15:56:47.991063" elapsed="0.100834"/>
</iter>
<iter>
<kw name="Evaluate" owner="BuiltIn">
<msg time="2026-02-16T15:56:48.091897" level="INFO">${r} = 500</msg>
<var>${r}</var>
<arg>${r}+100</arg>
<doc>Evaluates the given expression in Python and returns the result.</doc>
<status status="PASS" start="2026-02-16T15:56:48.091897" elapsed="0.000000"/>
</kw>
<kw name="Evaluate" owner="BuiltIn">
<msg time="2026-02-16T15:56:48.091897" level="INFO">${b} = 500</msg>
<var>${b}</var>
<arg>${b}+100</arg>
<doc>Evaluates the given expression in Python and returns the result.</doc>
<status status="PASS" start="2026-02-16T15:56:48.091897" elapsed="0.000000"/>
</kw>
<kw name="Move Mouse" owner="RPA.Desktop">
<msg time="2026-02-16T15:56:48.093795" level="INFO">Resolving locator: coordinates:500,500</msg>
<msg time="2026-02-16T15:56:48.180425" level="INFO">Moving mouse to (500, 500)</msg>
<arg>locator=coordinates:${r},${b}</arg>
<doc>Move mouse to given coordinates.</doc>
<status status="PASS" start="2026-02-16T15:56:48.093795" elapsed="0.086630"/>
</kw>
<kw name="Sleep" owner="BuiltIn">
<msg time="2026-02-16T15:56:48.192272" level="INFO">Slept 10 milliseconds.</msg>
<arg>0.01</arg>
<doc>Pauses the test executed for the given time.</doc>
<status status="PASS" start="2026-02-16T15:56:48.180425" elapsed="0.011847"/>
</kw>
<status status="PASS" start="2026-02-16T15:56:48.091897" elapsed="0.100375"/>
</iter>
<iter>
<kw name="Evaluate" owner="BuiltIn">
<msg time="2026-02-16T15:56:48.192272" level="INFO">${r} = 600</msg>
<var>${r}</var>
<arg>${r}+100</arg>
<doc>Evaluates the given expression in Python and returns the result.</doc>
<status status="PASS" start="2026-02-16T15:56:48.192272" elapsed="0.000000"/>
</kw>
<kw name="Evaluate" owner="BuiltIn">
<msg time="2026-02-16T15:56:48.192272" level="INFO">${b} = 600</msg>
<var>${b}</var>
<arg>${b}+100</arg>
<doc>Evaluates the given expression in Python and returns the result.</doc>
<status status="PASS" start="2026-02-16T15:56:48.192272" elapsed="0.000000"/>
</kw>
<kw name="Move Mouse" owner="RPA.Desktop">
<msg time="2026-02-16T15:56:48.194371" level="INFO">Resolving locator: coordinates:600,600</msg>
<msg time="2026-02-16T15:56:48.280883" level="INFO">Moving mouse to (600, 600)</msg>
<arg>locator=coordinates:${r},${b}</arg>
<doc>Move mouse to given coordinates.</doc>
<status status="PASS" start="2026-02-16T15:56:48.192272" elapsed="0.088611"/>
</kw>
<kw name="Sleep" owner="BuiltIn">
<msg time="2026-02-16T15:56:48.292608" level="INFO">Slept 10 milliseconds.</msg>
<arg>0.01</arg>
<doc>Pauses the test executed for the given time.</doc>
<status status="PASS" start="2026-02-16T15:56:48.280883" elapsed="0.011725"/>
</kw>
<status status="PASS" start="2026-02-16T15:56:48.192272" elapsed="0.100336"/>
</iter>
<iter>
<kw name="Evaluate" owner="BuiltIn">
<msg time="2026-02-16T15:56:48.292608" level="INFO">${r} = 700</msg>
<var>${r}</var>
<arg>${r}+100</arg>
<doc>Evaluates the given expression in Python and returns the result.</doc>
<status status="PASS" start="2026-02-16T15:56:48.292608" elapsed="0.000000"/>
</kw>
<kw name="Evaluate" owner="BuiltIn">
<msg time="2026-02-16T15:56:48.292608" level="INFO">${b} = 700</msg>
<var>${b}</var>
<arg>${b}+100</arg>
<doc>Evaluates the given expression in Python and returns the result.</doc>
<status status="PASS" start="2026-02-16T15:56:48.292608" elapsed="0.000000"/>
</kw>
<kw name="Move Mouse" owner="RPA.Desktop">
<msg time="2026-02-16T15:56:48.294402" level="INFO">Resolving locator: coordinates:700,700</msg>
<msg time="2026-02-16T15:56:48.381771" level="INFO">Moving mouse to (700, 700)</msg>
<arg>locator=coordinates:${r},${b}</arg>
<doc>Move mouse to given coordinates.</doc>
<status status="PASS" start="2026-02-16T15:56:48.292608" elapsed="0.089163"/>
</kw>
<kw name="Sleep" owner="BuiltIn">
<msg time="2026-02-16T15:56:48.393169" level="INFO">Slept 10 milliseconds.</msg>
<arg>0.01</arg>
<doc>Pauses the test executed for the given time.</doc>
<status status="PASS" start="2026-02-16T15:56:48.381771" elapsed="0.011398"/>
</kw>
<status status="PASS" start="2026-02-16T15:56:48.292608" elapsed="0.100561"/>
</iter>
<iter>
<kw name="Evaluate" owner="BuiltIn">
<msg time="2026-02-16T15:56:48.393169" level="INFO">${r} = 800</msg>
<var>${r}</var>
<arg>${r}+100</arg>
<doc>Evaluates the given expression in Python and returns the result.</doc>
<status status="PASS" start="2026-02-16T15:56:48.393169" elapsed="0.000000"/>
</kw>
<kw name="Evaluate" owner="BuiltIn">
<msg time="2026-02-16T15:56:48.393169" level="INFO">${b} = 800</msg>
<var>${b}</var>
<arg>${b}+100</arg>
<doc>Evaluates the given expression in Python and returns the result.</doc>
<status status="PASS" start="2026-02-16T15:56:48.393169" elapsed="0.000000"/>
</kw>
<kw name="Move Mouse" owner="RPA.Desktop">
<msg time="2026-02-16T15:56:48.395134" level="INFO">Resolving locator: coordinates:800,800</msg>
<msg time="2026-02-16T15:56:48.482847" level="INFO">Moving mouse to (800, 800)</msg>
<arg>locator=coordinates:${r},${b}</arg>
<doc>Move mouse to given coordinates.</doc>
<status status="PASS" start="2026-02-16T15:56:48.393169" elapsed="0.089678"/>
</kw>
<kw name="Sleep" owner="BuiltIn">
<msg time="2026-02-16T15:56:48.494358" level="INFO">Slept 10 milliseconds.</msg>
<arg>0.01</arg>
<doc>Pauses the test executed for the given time.</doc>
<status status="PASS" start="2026-02-16T15:56:48.482847" elapsed="0.011511"/>
</kw>
<status status="PASS" start="2026-02-16T15:56:48.393169" elapsed="0.101189"/>
</iter>
<iter>
<kw name="Evaluate" owner="BuiltIn">
<msg time="2026-02-16T15:56:48.494358" level="INFO">${r} = 900</msg>
<var>${r}</var>
<arg>${r}+100</arg>
<doc>Evaluates the given expression in Python and returns the result.</doc>
<status status="PASS" start="2026-02-16T15:56:48.494358" elapsed="0.000000"/>
</kw>
<kw name="Evaluate" owner="BuiltIn">
<msg time="2026-02-16T15:56:48.494358" level="INFO">${b} = 900</msg>
<var>${b}</var>
<arg>${b}+100</arg>
<doc>Evaluates the given expression in Python and returns the result.</doc>
<status status="PASS" start="2026-02-16T15:56:48.494358" elapsed="0.000000"/>
</kw>
<kw name="Move Mouse" owner="RPA.Desktop">
<msg time="2026-02-16T15:56:48.496425" level="INFO">Resolving locator: coordinates:900,900</msg>
<msg time="2026-02-16T15:56:48.584149" level="INFO">Moving mouse to (900, 900)</msg>
<arg>locator=coordinates:${r},${b}</arg>
<doc>Move mouse to given coordinates.</doc>
<status status="PASS" start="2026-02-16T15:56:48.494358" elapsed="0.089791"/>
</kw>
<kw name="Sleep" owner="BuiltIn">
<msg time="2026-02-16T15:56:48.595628" level="INFO">Slept 10 milliseconds.</msg>
<arg>0.01</arg>
<doc>Pauses the test executed for the given time.</doc>
<status status="PASS" start="2026-02-16T15:56:48.584149" elapsed="0.011479"/>
</kw>
<status status="PASS" start="2026-02-16T15:56:48.494358" elapsed="0.101270"/>
</iter>
<iter>
<kw name="Evaluate" owner="BuiltIn">
<msg time="2026-02-16T15:56:48.596418" level="INFO">${r} = 1000</msg>
<var>${r}</var>
<arg>${r}+100</arg>
<doc>Evaluates the given expression in Python and returns the result.</doc>
<status status="PASS" start="2026-02-16T15:56:48.596418" elapsed="0.000000"/>
</kw>
<kw name="Evaluate" owner="BuiltIn">
<msg time="2026-02-16T15:56:48.596418" level="INFO">${b} = 1000</msg>
<var>${b}</var>
<arg>${b}+100</arg>
<doc>Evaluates the given expression in Python and returns the result.</doc>
<status status="PASS" start="2026-02-16T15:56:48.596418" elapsed="0.000000"/>
</kw>
<kw name="Move Mouse" owner="RPA.Desktop">
<msg time="2026-02-16T15:56:48.596418" level="INFO">Resolving locator: coordinates:1000,1000</msg>
<msg time="2026-02-16T15:56:48.686175" level="INFO">Moving mouse to (1000, 1000)</msg>
<arg>locator=coordinates:${r},${b}</arg>
<doc>Move mouse to given coordinates.</doc>
<status status="PASS" start="2026-02-16T15:56:48.596418" elapsed="0.089757"/>
</kw>
<kw name="Sleep" owner="BuiltIn">
<msg time="2026-02-16T15:56:48.697677" level="INFO">Slept 10 milliseconds.</msg>
<arg>0.01</arg>
<doc>Pauses the test executed for the given time.</doc>
<status status="PASS" start="2026-02-16T15:56:48.686175" elapsed="0.011502"/>
</kw>
<status status="PASS" start="2026-02-16T15:56:48.595628" elapsed="0.102049"/>
</iter>
<iter>
<kw name="Evaluate" owner="BuiltIn">
<msg time="2026-02-16T15:56:48.697677" level="INFO">${r} = 1100</msg>
<var>${r}</var>
<arg>${r}+100</arg>
<doc>Evaluates the given expression in Python and returns the result.</doc>
<status status="PASS" start="2026-02-16T15:56:48.697677" elapsed="0.000000"/>
</kw>
<kw name="Evaluate" owner="BuiltIn">
<msg time="2026-02-16T15:56:48.697677" level="INFO">${b} = 1100</msg>
<var>${b}</var>
<arg>${b}+100</arg>
<doc>Evaluates the given expression in Python and returns the result.</doc>
<status status="PASS" start="2026-02-16T15:56:48.697677" elapsed="0.000000"/>
</kw>
<kw name="Move Mouse" owner="RPA.Desktop">
<msg time="2026-02-16T15:56:48.697677" level="INFO">Resolving locator: coordinates:1100,1100</msg>
<msg time="2026-02-16T15:56:48.788671" level="INFO">Moving mouse to (1100, 1100)</msg>
<arg>locator=coordinates:${r},${b}</arg>
<doc>Move mouse to given coordinates.</doc>
<status status="PASS" start="2026-02-16T15:56:48.697677" elapsed="0.090994"/>
</kw>
<kw name="Sleep" owner="BuiltIn">
<msg time="2026-02-16T15:56:48.800388" level="INFO">Slept 10 milliseconds.</msg>
<arg>0.01</arg>
<doc>Pauses the test executed for the given time.</doc>
<status status="PASS" start="2026-02-16T15:56:48.788671" elapsed="0.011717"/>
</kw>
<status status="PASS" start="2026-02-16T15:56:48.697677" elapsed="0.102711"/>
</iter>
<status status="PASS" start="2026-02-16T15:56:47.776187" elapsed="1.024201"/>
</while>
<kw name="Release Mouse Button" owner="RPA.Desktop">
<msg time="2026-02-16T15:56:48.889969" level="INFO">Releasing mouse button: Button.left</msg>
<arg>button=left</arg>
<doc>Release mouse button that was previously pressed.</doc>
<status status="PASS" start="2026-02-16T15:56:48.800388" elapsed="0.089581"/>
</kw>
<kw name="Sleep" owner="BuiltIn">
<msg time="2026-02-16T15:56:50.390370" level="INFO">Slept 1 second 500 milliseconds.</msg>
<arg>1.5</arg>
<doc>Pauses the test executed for the given time.</doc>
<status status="PASS" start="2026-02-16T15:56:48.889969" elapsed="1.500401"/>
</kw>
<arg>${left}</arg>
<arg>${top}</arg>
<arg>${right}</arg>
<arg>${bottom}</arg>
<status status="PASS" start="2026-02-16T15:56:47.164879" elapsed="3.225491"/>
</kw>
<kw name="Press Keys" owner="RPA.Desktop">
<msg time="2026-02-16T15:56:50.390370" level="INFO">Pressing keys: 'b'</msg>
<arg>b</arg>
<doc>Press multiple keys down simultaneously.</doc>
<status status="PASS" start="2026-02-16T15:56:50.390370" elapsed="0.001345"/>
</kw>
<kw name="Sleep" owner="BuiltIn">
<msg time="2026-02-16T15:56:52.392169" level="INFO">Slept 2 seconds.</msg>
<arg>2s</arg>
<doc>Pauses the test executed for the given time.</doc>
<status status="PASS" start="2026-02-16T15:56:50.391715" elapsed="2.000454"/>
</kw>
<kw name="Screen Middle" owner="resource">
<kw name="Evaluate" owner="BuiltIn">
<msg time="2026-02-16T15:56:52.392169" level="INFO">${middle_x} = 512</msg>
<var>${middle_x}</var>
<arg>int((${left}+${right})/2)</arg>
<doc>Evaluates the given expression in Python and returns the result.</doc>
<status status="PASS" start="2026-02-16T15:56:52.392169" elapsed="0.000000"/>
</kw>
<kw name="Evaluate" owner="BuiltIn">
<msg time="2026-02-16T15:56:52.394152" level="INFO">${middle_y} = 384</msg>
<var>${middle_y}</var>
<arg>int((${top}+${bottom})/2)</arg>
<doc>Evaluates the given expression in Python and returns the result.</doc>
<status status="PASS" start="2026-02-16T15:56:52.392169" elapsed="0.001983"/>
</kw>
<return>
<value>${middle_x}</value>
<value>${middle_y}</value>
<status status="PASS" start="2026-02-16T15:56:52.394152" elapsed="0.000000"/>
</return>
<msg time="2026-02-16T15:56:52.394152" level="INFO">${middle_x} = 512</msg>
<msg time="2026-02-16T15:56:52.394152" level="INFO">${middle_y} = 384</msg>
<var>${middle_x}</var>
<var>${middle_y}</var>
<arg>${left}</arg>
<arg>${top}</arg>
<arg>${right}</arg>
<arg>${bottom}</arg>
<status status="PASS" start="2026-02-16T15:56:52.392169" elapsed="0.001983"/>
</kw>
<kw name="Move Coordinates" owner="resource">
<kw name="Evaluate" owner="BuiltIn">
<msg time="2026-02-16T15:56:52.394152" level="INFO">${nx} = 612</msg>
<var>${nx}</var>
<arg>int(${x}+${dx})</arg>
<doc>Evaluates the given expression in Python and returns the result.</doc>
<status status="PASS" start="2026-02-16T15:56:52.394152" elapsed="0.000000"/>
</kw>
<kw name="Evaluate" owner="BuiltIn">
<msg time="2026-02-16T15:56:52.396245" level="INFO">${ny} = 484</msg>
<var>${ny}</var>
<arg>int(${y}+${dy})</arg>
<doc>Evaluates the given expression in Python and returns the result.</doc>
<status status="PASS" start="2026-02-16T15:56:52.394152" elapsed="0.002093"/>
</kw>
<return>
<value>${nx}</value>
<value>${ny}</value>
<status status="PASS" start="2026-02-16T15:56:52.396245" elapsed="0.000000"/>
</return>
<msg time="2026-02-16T15:56:52.396245" level="INFO">${end_x} = 612</msg>
<msg time="2026-02-16T15:56:52.396245" level="INFO">${end_y} = 484</msg>
<var>${end_x}</var>
<var>${end_y}</var>
<arg>${middle_x}</arg>
<arg>${middle_y}</arg>
<arg>100</arg>
<arg>100</arg>
<status status="PASS" start="2026-02-16T15:56:52.394152" elapsed="0.002093"/>
</kw>
<kw name="Draw Drag" owner="resource">
<kw name="Move Mouse" owner="RPA.Desktop">
<msg time="2026-02-16T15:56:52.396245" level="INFO">Resolving locator: coordinates:512,384</msg>
<msg time="2026-02-16T15:56:52.396245" level="INFO">Moving mouse to (512, 384)</msg>
<arg>locator=coordinates:${start_x},${start_y}</arg>
<doc>Move mouse to given coordinates.</doc>
<status status="PASS" start="2026-02-16T15:56:52.396245" elapsed="0.002096"/>
</kw>
<kw name="Press Mouse Button" owner="RPA.Desktop">
<msg time="2026-02-16T15:56:52.499469" level="INFO">Pressing down mouse button: Button.left</msg>
<arg>button=left</arg>
<doc>Press down mouse button and keep it pressed.</doc>
<status status="PASS" start="2026-02-16T15:56:52.398341" elapsed="0.114793"/>
</kw>
<kw name="Sleep" owner="BuiltIn">
<msg time="2026-02-16T15:56:52.714698" level="INFO">Slept 200 milliseconds.</msg>
<arg>${press_delay}</arg>
<doc>Pauses the test executed for the given time.</doc>
<status status="PASS" start="2026-02-16T15:56:52.514493" elapsed="0.200205"/>
</kw>
<kw name="Move Mouse" owner="RPA.Desktop">
<msg time="2026-02-16T15:56:52.714698" level="INFO">Resolving locator: coordinates:612,484</msg>
<msg time="2026-02-16T15:56:52.714698" level="INFO">Moving mouse to (612, 484)</msg>
<arg>locator=coordinates:${end_x},${end_y}</arg>
<doc>Move mouse to given coordinates.</doc>
<status status="PASS" start="2026-02-16T15:56:52.714698" elapsed="0.000000"/>
</kw>
<kw name="Sleep" owner="BuiltIn">
<msg time="2026-02-16T15:56:53.217357" level="INFO">Slept 500 milliseconds.</msg>
<arg>${move_delay}</arg>
<doc>Pauses the test executed for the given time.</doc>
<status status="PASS" start="2026-02-16T15:56:52.714698" elapsed="0.502659"/>
</kw>
<kw name="Release Mouse Button" owner="RPA.Desktop">
<msg time="2026-02-16T15:56:53.217357" level="INFO">Releasing mouse button: Button.left</msg>
<arg>button=left</arg>
<doc>Release mouse button that was previously pressed.</doc>
<status status="PASS" start="2026-02-16T15:56:53.217357" elapsed="0.000000"/>
</kw>
<kw name="Sleep" owner="BuiltIn">
<msg time="2026-02-16T15:56:54.219597" level="INFO">Slept 1 second.</msg>
<arg>1s</arg>
<doc>Pauses the test executed for the given time.</doc>
<status status="PASS" start="2026-02-16T15:56:53.217357" elapsed="1.002240"/>
</kw>
<arg>${middle_x}</arg>
<arg>${middle_y}</arg>
<arg>${end_x}</arg>
<arg>${end_y}</arg>
<status status="PASS" start="2026-02-16T15:56:52.396245" elapsed="1.823352"/>
</kw>
<kw name="Sleep" owner="BuiltIn">
<msg time="2026-02-16T15:56:56.219774" level="INFO">Slept 2 seconds.</msg>
<arg>2s</arg>
<doc>Pauses the test executed for the given time.</doc>
<status status="PASS" start="2026-02-16T15:56:54.219597" elapsed="2.000177"/>
</kw>
<kw name="Press Keys" owner="RPA.Desktop">
<msg time="2026-02-16T15:56:56.219774" level="INFO">Pressing keys: Key.ctrl, 's'</msg>
<arg>ctrl</arg>
<arg>s</arg>
<doc>Press multiple keys down simultaneously.</doc>
<status status="PASS" start="2026-02-16T15:56:56.219774" elapsed="0.001770"/>
</kw>
<kw name="Sleep" owner="BuiltIn">
<msg time="2026-02-16T15:56:57.222630" level="INFO">Slept 1 second.</msg>
<arg>1s</arg>
<doc>Pauses the test executed for the given time.</doc>
<status status="PASS" start="2026-02-16T15:56:56.221544" elapsed="1.001086"/>
</kw>
<kw name="Type Text" owner="RPA.Desktop">
<arg>testfile_blur.png</arg>
<doc>Type text one letter at a time.</doc>
<status status="PASS" start="2026-02-16T15:56:57.222630" elapsed="0.003899"/>
</kw>
<kw name="Sleep" owner="BuiltIn">
<msg time="2026-02-16T15:56:58.227250" level="INFO">Slept 1 second.</msg>
<arg>1s</arg>
<doc>Pauses the test executed for the given time.</doc>
<status status="PASS" start="2026-02-16T15:56:57.226529" elapsed="1.000721"/>
</kw>
<kw name="Press Keys" owner="RPA.Desktop">
<msg time="2026-02-16T15:56:58.227250" level="INFO">Pressing keys: Key.enter</msg>
<arg>enter</arg>
<doc>Press multiple keys down simultaneously.</doc>
<status status="PASS" start="2026-02-16T15:56:58.227250" elapsed="0.000000"/>
</kw>
<kw name="Close Flameshot" owner="resource" type="TEARDOWN">
<kw name="Press Keys" owner="RPA.Desktop">
<msg time="2026-02-16T15:56:58.230960" level="INFO">Pressing keys: Key.esc</msg>
<arg>ESC</arg>
<doc>Press multiple keys down simultaneously.</doc>
<status status="PASS" start="2026-02-16T15:56:58.229118" elapsed="0.099594"/>
</kw>
<kw name="Sleep" owner="BuiltIn">
<msg time="2026-02-16T15:56:58.830465" level="INFO">Slept 500 milliseconds.</msg>
<arg>0.5</arg>
<doc>Pauses the test executed for the given time.</doc>
<status status="PASS" start="2026-02-16T15:56:58.328712" elapsed="0.501753"/>
</kw>
<kw name="Run Process" owner="Process">
<msg time="2026-02-16T15:56:58.830465" level="INFO">Starting process:
taskkill /IM flameshot.exe /F</msg>
<msg time="2026-02-16T15:56:58.832552" level="INFO">Waiting for process to complete.</msg>
<msg time="2026-02-16T15:56:58.895441" level="INFO">Process completed.</msg>
<arg>taskkill</arg>
<arg>/IM</arg>
<arg>flameshot.exe</arg>
<arg>/F</arg>
<doc>Runs a process and waits for it to complete.</doc>
<status status="PASS" start="2026-02-16T15:56:58.830465" elapsed="0.064976"/>
</kw>
<status status="PASS" start="2026-02-16T15:56:58.229118" elapsed="0.666323"/>
</kw>
<status status="PASS" start="2026-02-16T15:56:46.155586" elapsed="12.739855"/>
</test>
<status status="PASS" start="2026-02-16T15:56:08.640706" elapsed="50.254735"/>
</suite>
<statistics>
<total>
<stat pass="4" fail="0" skip="0">All Tests</stat>
</total>
<tag>
</tag>
<suite>
<stat name="Flameshot Edit" id="s1" pass="4" fail="0" skip="0">Flameshot Edit</stat>
</suite>
</statistics>
<errors>
</errors>
</robot>
